NL multi-turn suite: clarify
  run_dir:    /tmp/rustclaw-workspace/scripts/nl_suite_logs/clarify/20260404_224800
  run_log:    /tmp/rustclaw-workspace/scripts/nl_suite_logs/clarify/20260404_224800/run.log
  case_file:  /tmp/nl_clarify_targeted_345.txt
  turn_count: 2
  base_url:   http://127.0.0.1:8787
  user_id:    1985996990
  chat_id:    1985998100

============================================================
[CASE]   1
[NAME]   clarify_scalar_extract
[CHAT]   1985998101
[TURN1]  读一下那个文件里的名字字段，只输出值
[TASK1]  93b91920-3934-47f1-a65f-a977d4c8aba6
  [status] <none> -> queued
  [status] queued -> running
  [status] running -> succeeded
[TEXT1]  我没找到这个文件，请提供完整路径。
[TURN2]  package.json
[TASK2]  bfcfde05-e600-4660-acbb-873b3c1fbb33
  [status] <none> -> running
  [status] running -> succeeded
[TEXT2]  name 字段不存在

============================================================
[CASE]   2
[NAME]   clarify_count_dir
[CHAT]   1985998102
[TURN1]  数一下那个目录里有多少个直接子项，只输出数字
[TASK1]  0ac50f9b-a249-4c37-aebb-6f644ade6058
  [status] <none> -> running
  [status] running -> succeeded
[TEXT1]  请提供目录的完整路径。
[TURN2]  scripts
[TASK2]  49024b1d-aa58-4e54-a56c-fef978912a8e
  [status] <none> -> queued
  [status] queued -> running
  [status] running -> succeeded
[TEXT2]  47

============================================================
[CASE]   3
[NAME]   clarify_list_dir
[CHAT]   1985998103
[TURN1]  看看那个目录下面都有什么
[TASK1]  e3e445e8-1ee8-4694-8228-845ca5f83eac
  [status] <none> -> running
  [status] running -> succeeded
[TEXT1]  你是指哪个目录？请提供完整路径。
[TURN2]  document
[TASK2]  1ce96f0e-a2fb-46cc-8e20-30c38ec54c91
  [status] <none> -> queued
  [status] queued -> running
  [status] running -> succeeded
[TEXT2]  你是想让我列出 document 目录的内容，还是读取某个具体的文档文件？

Artifacts:
  - /tmp/rustclaw-workspace/scripts/nl_suite_logs/clarify/20260404_224800
  - /tmp/rustclaw-workspace/scripts/nl_suite_logs/clarify/20260404_224800/run.log
  - /tmp/rustclaw-workspace/scripts/nl_suite_logs/clarify/20260404_224800/summary.jsonl
