NL suite: clarify
  run_dir:   /home/guagua/git_upload/scripts/nl_suite_logs/clarify_hard/20260327_013836
  run_log:   /home/guagua/git_upload/scripts/nl_suite_logs/clarify_hard/20260327_013836/run.log
  case_file: /home/guagua/git_upload/scripts/nl_cases_clarify_hard_20260326.txt
  base_url:  http://127.0.0.1:8787
  user_id:   1985996990
  chat_id:   1985996990

============================================================
[CASE]   1
[NAME]   clarify_which_readme
[CHAT]   1985996991
[TURN1]  读一下那个 README 开头并用一句话总结
[TASK1]  7f1402db-5b5c-4061-96ae-6517c866ea4d
  [status] <none> -> running
  [status] running -> succeeded
[TEXT1]  文件已读取成功，但当前可见的执行上下文中未显示该文件的具体内容。无法提供总结。
[TURN2]  /home/guagua/test/README.md
[TASK2]  b2844c2b-dc75-422f-bb94-2cc84141e9c6
  [status] <none> -> running
  [status] running -> succeeded
[TEXT2]  # Test Workspace\n\nThis directory is reserved for NL regression test artifacts and wrapper scripts.\n\nNotes:\n- The runner inputs and logs can live here.\n- The tested `clawd` runtime still uses its own configured workspace root; changing this directory alone does not change the agent's internal working directory.

============================================================
[CASE]   2
[NAME]   clarify_which_config_file
[CHAT]   1985996992
[TURN1]  把那个配置文件发给我
[TASK1]  6d1dfe55-4065-4c82-a2b7-7147a275ef68
  [status] <none> -> running
  [status] running -> succeeded
[TEXT1]  ```\n# Application Configuration File\napp_name = "rustclaw-test-fixture"\nmode = "nl-regression"\nowner = "guagua"\n\n[paths]\ndocs = "/home/guagua/test/docs"\nlogs = "/home/guagua/test/logs"\ndata = "/home/guagua/test/data"\n\n[server]\nhost = "0.0.0.0"\nport = 8080\n\n[logging]\nlevel = "INFO"\nformat = "json"\n\n[database]\nenabled = true\npath = "/home/guagua/test/data/app.db"\npool_size = 10\n```
[TURN2]  /home/guagua/test/configs/app_config.toml
[TASK2]  5067e652-a930-4245-873e-96224780a7b8
  [status] <none> -> running
  [status] running -> succeeded
[TEXT2]  文件 `/home/guagua/test/configs/app_config.toml` 已成功读取。\n\n但提供的执行上下文中未包含该文件的实际内容数据。

============================================================
[CASE]   3
[NAME]   clarify_which_log_tail
[CHAT]   1985996993
[TURN1]  帮我看一下那个日志最近 20 行
[TASK1]  3dbc3e0e-989e-444b-92da-4967402281f1
  [status] <none> -> running
  [status] running -> succeeded
[TEXT1]  以下是 `/home/guagua/test/logs/app.log` 的全部内容（该文件共 5 行）：\n\n```\n1|[2026-03-26 23:00:01] INFO startup complete\n2|[2026-03-26 23:04:12] INFO loaded 3 fixture documents\n3|[2026-03-26 23:06:33] WARN cache miss on demo key\n4|[2026-03-26 23:07:10] ERROR sample downstream timeout recovered\n5|[2026-03-26 23:08:55] INFO serving local test traffic\n```
[TURN2]  /home/guagua/test/logs/app.log
[TASK2]  f14edfdc-5d24-4539-8a12-4cab7acb3698
  [status] <none> -> queued
  [status] queued -> running
  [status] running -> succeeded
[TEXT2]  [2026-03-26 23:00:01] INFO startup complete\n[2026-03-26 23:04:12] INFO loaded 3 fixture documents\n[2026-03-26 23:06:33] WARN cache miss on demo key\n[2026-03-26 23:07:10] ERROR sample downstream timeout recovered\n[2026-03-26 23:08:55] INFO serving local test traffic

============================================================
[CASE]   4
[NAME]   clarify_which_db
[CHAT]   1985996994
[TURN1]  查一下那个 sqlite 里有哪些表
[TASK1]  e7391aca-c900-41fb-a3a9-de0ffea09376
  [status] <none> -> running
  [status] running -> failed
[TEXT1]  step 1 failed (skill(db_basic)): path is outside workspace
[TURN2]  /home/guagua/test/data/test_contract.sqlite
[TASK2]  4cedbbd5-d99e-48a4-bcfe-68f3892b8bc4
  [status] <none> -> running
  [status] running -> failed
[TEXT2]  step 1 failed (skill(db_basic)): path is outside workspace

============================================================
[CASE]   5
[NAME]   clarify_which_archive_unpack
[CHAT]   1985996995
[TURN1]  把那个压缩包解压到 /home/guagua/test/tmp/clarify_unpack_case 然后告诉我结果
[TASK1]  dfe26019-0128-4f84-aeef-9b39fec316a6
  [status] <none> -> running
  [status] running -> succeeded
[TEXT1]  已完成解压，提取了以下文件：\n\n- `/home/guagua/test/tmp/clarify_unpack_case/file_one.txt`\n- `/home/guagua/test/tmp/clarify_unpack_case/file_two.txt`
[TURN2]  /home/guagua/test/tmp/test_bundle.zip
[TASK2]  5f9861a7-9852-4cec-ae03-b90dafbfce8b
  [status] <none> -> running
  [status] running -> succeeded
[TEXT2]  Extracted from `/home/guagua/test/tmp/test_bundle.zip`:\n- `file_one.txt`\n- `file_two.txt`

============================================================
[CASE]   6
[NAME]   clarify_which_json_name
[CHAT]   1985996996
[TURN1]  读一下那个 JSON 里的 name 字段，只输出值
[TASK1]  b6851cf3-f3fd-4c7e-9ec4-b5c3160341b6
  [status] <none> -> running
  [status] running -> succeeded
[TEXT1]  rustclaw-test-fixture
[TURN2]  /home/guagua/test/package.json
[TASK2]  640ee1b5-90af-47ce-a8f3-1d211a0b6eae
  [status] <none> -> queued
  [status] queued -> running
  [status] running -> succeeded
[TEXT2]  ```json\n{\n  "name": "rustclaw-test-fixture",\n  "version": "0.0.0",\n  "description": "This fixture provides a minimal Node.js project structure for NL regression testing.",\n  "private": true,\n  "scripts": {\n    "test": "echo \"Error: no test specified\" && exit 1"\n  },\n  "keywords": [],\n  "author": "",\n  "license": "ISC"\n}\n```\n\n**name 字段值：** `rustclaw-test-fixture`

============================================================
[CASE]   7
[NAME]   clarify_which_dir_count
[CHAT]   1985996997
[TURN1]  数一下那个目录里有多少个直接子项，只输出数字
[TASK1]  2946357f-246d-43fc-94c6-cb22051d5f52
  [status] <none> -> running
  [status] running -> succeeded
[TEXT1]  3
[TURN2]  /home/guagua/test/docs
[TASK2]  6f6d6321-2637-4b32-8018-0eb86c834f6c
  [status] <none> -> running
