NL suite: context_chain
  run_dir:   /home/guagua/git_upload/scripts/nl_suite_logs/context_chain/20260327_001142
  run_log:   /home/guagua/git_upload/scripts/nl_suite_logs/context_chain/20260327_001142/run.log
  case_file: /home/guagua/git_upload/scripts/nl_cases_context_chain_20260326.txt
  base_url:  http://127.0.0.1:8787
  user_id:   1985996990
  chat_id:   1985996990

============================================================
[CASE]   1
[NAME]   context_last_turn_file_chain
[CHAT]   1985996991
[TURN1]  先记一下，后面我说“那个文件”就是 /home/guagua/test/README.md
[TASK1]  6323f961-127b-4a99-b54d-ae5ea6cc1d61
  [status] <none> -> queued
  [status] queued -> running
  [status] running -> succeeded
[TEXT1]  已记住。后续提及"那个文件"即指 `/home/guagua/test/README.md`。
[TURN2]  把那个文件开头读 10 行
[TASK2]  92b669cd-bf1f-4dde-83f5-97dbffead999
  [status] <none> -> running
  [status] running -> failed
[TEXT2]  step 1 failed (skill(system_basic)): path is outside workspace
[TURN3]  把它再用一句人话总结
[TASK3]  88b518e9-eb91-499a-99e8-3c58755e4e9d
  [status] <none> -> running
  [status] running -> succeeded
[TEXT3]  这是 NL 回归测试的工件和脚本存放目录，但修改它不会改变 `clawd` 实际的工作目录。

============================================================
[CASE]   2
[NAME]   context_last_turn_log_chain
[CHAT]   1985996992
[TURN1]  先记一下，“那个日志”指 /home/guagua/test/logs/app.log
[TASK1]  2bfcc3d1-c7f8-42c6-8a82-caef739beb84
  [status] <none> -> queued
  [status] queued -> running
  [status] running -> succeeded
[TEXT1]  记住了："那个日志" = `/home/guagua/test/logs/app.log`
[TURN2]  看一下那个日志最近 20 行
[TASK2]  3677665d-3a55-4f71-8ab1-113ab94646ef
  [status] <none> -> running
  [status] running -> succeeded
[TEXT2]  文件 /home/guagua/test/logs/app.log 的内容未在当前执行上下文中返回。
[TURN3]  从里面挑一个最值得注意的点
[TASK3]  6b68647d-3d51-49fd-8072-641d71c277a1
  [status] <none> -> queued
  [status] queued -> running
  [status] running -> succeeded
[TEXT3]  上一条回复的核心问题是：**无法读取日志文件内容**。\n\n这表明当前执行上下文缺少读取 `/home/guagua/test/logs/app.log` 的能力或权限，属于系统限制而非用户操作错误。

============================================================
[CASE]   3
[NAME]   context_two_hops_dir_chain
[CHAT]   1985996993
[TURN1]  先看一下 /home/guagua/test/docs 目录有多少个直接子项
[TASK1]  db2ee63c-82ad-4182-862b-4bf07cabc740
  [status] <none> -> running
  [status] running -> succeeded
[TEXT1]  3
[TURN2]  再看一下 /home/guagua/test/logs 目录有多少个直接子项
[TASK2]  59b9722e-487c-47b2-9b71-8f90ec3145f0
  [status] <none> -> running
  [status] running -> succeeded
[TEXT2]  2
[TURN3]  把上上个和上个结果比较一下，哪个更多
[TASK3]  bba5932a-87e8-440a-8c03-b10579277b23
  [status] <none> -> queued
  [status] queued -> running
  [status] running -> succeeded
[TEXT3]  3 > 2，`/home/guagua/test/docs` 目录的直接子项数量（3个）更多。

============================================================
[CASE]   4
[NAME]   context_two_hops_file_chain
[CHAT]   1985996994
[TURN1]  先读取 /home/guagua/test/README.md 开头 10 行
[TASK1]  558c620b-1d14-4c4a-8638-a2e38a40951f
  [status] <none> -> running
  [status] running -> failed
[TEXT1]  step 1 failed (skill(system_basic)): path is outside workspace
[TURN2]  再读取 /home/guagua/test/docs/service_notes.md 开头 10 行
[TASK2]  726717bb-1fe9-4ab3-8cf5-9669c51258c0
  [status] <none> -> running
  [status] running -> failed
[TEXT2]  step 1 failed (skill(system_basic)): path is outside workspace
[TURN3]  把上上个文件和上个文件用一句话对比
[TASK3]  60e83fb8-4765-462e-b342-9438fd4febb2
  [status] <none> -> running
  [status] running -> succeeded
[TEXT3]  当前目录只有一个文件 test_contract.sqlite，无法对比上上个文件和上个文件。

============================================================
[CASE]   5
[NAME]   context_two_hops_json_chain
[CHAT]   1985996995
[TURN1]  先把这个 JSON 数组按 score 排序：[{"name":"alpha","score":7},{"name":"beta","score":12},{"name":"gamma","score":9}]
[TASK1]  053e8c15-2f4b-4b6b-9e55-400bfd6ae691
  [status] <none> -> queued
  [status] queued -> running
  [status] running -> succeeded
[TEXT1]  请提供需要排序的 JSON 数组，例如：[{"name":"a","score":3},{"name":"b","score":1}]
[TURN2]  再把它转成 markdown 表格
[TASK2]  29239a8b-f1e8-4f31-b23f-14b6da5a1306
  [status] <none> -> running
  [status] running -> succeeded
[TEXT2]  请提供需要转成 Markdown 表格的内容。
[TURN3]  把上一步那个表格里分数最高的名字单独告诉我
[TASK3]  46cc5b79-da76-44df-865f-7c735d94d5d3
  [status] <none> -> running
  [status] running -> succeeded
[TEXT3]  beta

============================================================
[CASE]   6
[NAME]   context_reference_switch_chain
[CHAT]   1985996996
[TURN1]  先记一下“甲”指 /home/guagua/test/README.md
[TASK1]  8143a7ae-d662-407a-8f79-bf39620a1650
  [status] <none> -> running
  [status] running -> succeeded
[TEXT1]  已记住。甲 → `/home/guagua/test/README.md`
[TURN2]  再记一下“乙”指 /home/guagua/test/docs/service_notes.md
[TASK2]  4ec90974-d501-4514-a14b-6771734ef9db
  [status] <none> -> queued
  [status] queued -> running
  [status] running -> succeeded
[TEXT2]  已记住。乙 → `/home/guagua/test/docs/service_notes.md`
[TURN3]  读一下乙的开头，然后顺手说甲是干什么的
[TASK3]  ed5314ef-3654-49b7-b3db-a2fed03fe88c
  [status] <none> -> queued
  [status] queued -> running
  [status] running -> succeeded
[TEXT3]  ## /home/guagua/test/docs/service_notes.md 开头部分\n\n```\n# Service Notes\n\nThis fixture document describes a pretend local service used only for testing.\nIt should never restart real RustClaw services or touch system state.\n```\n\n## /home/guagua/test/README.md 的用途\n\n`/home/guagua/test/README.md` 描述了一个**测试工作区**，其用途如下：\n\n- 专门为 **NL 回归测试工件** 和 **包装脚本** 预留的目录\n- 运行器的输入和日志可以存放在这里\n- 需要注意的是：即使更改此目录，也不会改变被测 `clawd` 运行时的内部工作目录，因为它使用的是自己配置的 workspace root

============================================================
[CASE]   7
[NAME]   context_pronoun_switch_chain
[CHAT]   1985996997
[TURN1]  先看一下 /home/guagua/test/logs 目录最新的 3 个文件
[TASK1]  6762d304-7aa1-41ce-801c-3c78b1102d84
  [status] <none> -> queued
  [status] queued -> running
  [status] running -> succeeded
[TEXT1]  ```\ntotal 8\n-rw-rw-r-- 1 guagua guagua 266 Mar 26 23:55 app.log\n-rw-rw-r-- 1 guagua guagua 390 Mar 26 23:55 model_io.log\n```\n\n该目录中只有 2 个文件，均已列出（最新 3 个文件请求，但实际仅有 2 个）。
[TURN2]  再看一下 /home/guagua/test/docs 目录直接子项数量
[TASK2]  12774e2c-2314-4963-a93a-ae5d05791c4e
  [status] <none> -> queued
  [status] queued -> running
  [status] running -> succeeded
[TEXT2]  3
[TURN3]  上一个结果里说的“第一个文件”是什么，上上个动作查的又是什么目录
[TASK3]  4aa110ec-3356-4f33-8ce0-f0a861e75089
  [status] <none> -> queued
  [status] queued -> running
  [status] running -> succeeded
[TEXT3]  1. 第一个文件：`app.log`\n2. 上上个动作查的目录：`/home/guagua/test/docs`

============================================================
[CASE]   8
[NAME]   context_ambiguous_should_ask_chain
[CHAT]   1985996998
[TURN1]  先看一下 /home/guagua/test/docs 目录下有哪些文件
[TASK1]  729868d2-b598-4a1e-ad25-ded309cbed35
  [status] <none> -> running
  [status] running -> succeeded
[TEXT1]  guide.txt\nnotes.txt\nservice_notes.md
[TURN2]  再看一下 /home/guagua/test/logs 目录下有哪些文件
[TASK2]  e2b343d8-a117-4c05-8c6d-967d85f55384
  [status] <none> -> running
  [status] running -> succeeded
[TEXT2]  app.log  \nmodel_io.log
[TURN3]  把那个最大的发给我
[TASK3]  872c4671-fe11-469f-a5c1-b13d33f679f5
  [status] <none> -> running
  [status] running -> succeeded
[TEXT3]  /home/guagua/test/logs/model_io.log (390 bytes) 是最大的文件，内容如下：\n\n```\ncat /home/guagua/test/logs/model_io.log\n```

Artifacts:
  - /home/guagua/git_upload/scripts/nl_suite_logs/context_chain/20260327_001142
  - /home/guagua/git_upload/scripts/nl_suite_logs/context_chain/20260327_001142/run.log
  - /home/guagua/git_upload/scripts/nl_suite_logs/context_chain/20260327_001142/summary.jsonl
