NL multi-turn suite: clarify
  run_dir:    /home/guagua/git_upload/scripts/nl_suite_logs/dynamic_guard_clarify/20260327_225140
  run_log:    /home/guagua/git_upload/scripts/nl_suite_logs/dynamic_guard_clarify/20260327_225140/run.log
  case_file:  /home/guagua/git_upload/scripts/nl_tests/cases/nl_cases_dynamic_guard_clarify_20260327.txt
  turn_count: 2
  base_url:   http://127.0.0.1:8787
  user_id:    1985996990
  chat_id:    17746206591

============================================================
[CASE]   1
[NAME]   clarify_deictic_readme_again
[CHAT]   17746206592
[TURN1]  读一下那个 README 开头并用一句话总结
[TASK1]  9a11da56-789a-4402-9b7f-8b149d1fd8af
  [status] <none> -> running
  [status] running -> succeeded
[TEXT1]  请提供你想读取的 README 文件的完整路径或文件名。
[TURN2]  /home/guagua/test/README.md
[TASK2]  2102a5d5-a12c-48cf-aa64-169f653bad43
  [status] <none> -> running
  [status] running -> succeeded
[TEXT2]  # Test Workspace\n\nThis directory is reserved for NL regression test artifacts and wrapper scripts.\n\nNotes:\n- The runner inputs and logs can live here.\n- The tested `clawd` runtime still uses its own configured workspace root; changing this directory alone does not change the agent's internal working directory.

============================================================
[CASE]   2
[NAME]   clarify_deictic_config_send_again
[CHAT]   17746206593
[TURN1]  把那个配置文件发给我
[TASK1]  d651e4a7-a73a-43bb-8efb-322f82082496
  [status] <none> -> queued
  [status] queued -> running
  [status] running -> succeeded
[TEXT1]  请提供要发送的配置文件路径或名称。
[TURN2]  /home/guagua/test/configs/app_config.toml
[TASK2]  c7880bf4-015f-48d2-94cd-6a2f414096c2
  [status] <none> -> running
  [status] running -> succeeded
[TEXT2]  FILE:/home/guagua/test/configs/app_config.toml

============================================================
[CASE]   3
[NAME]   clarify_deictic_log_tail_again
[CHAT]   17746206594
[TURN1]  看下那个日志最近 20 行
[TASK1]  b9e57efe-e47f-46d3-8ec9-71410d5ebcb2
  [status] <none> -> running
  [status] running -> succeeded
[TEXT1]  请问日志文件的路径是什么？
[TURN2]  /home/guagua/test/logs/app.log
[TASK2]  90f79a41-9f8d-41fb-80c9-8418bfd51e03
  [status] <none> -> running
  [status] running -> succeeded
[TEXT2]  以下是 /home/guagua/test/logs/app.log 的全部内容（共5行）：\n\n```\n[2026-03-26 23:00:01] INFO startup complete\n[2026-03-26 23:04:12] INFO loaded 3 fixture documents\n[2026-03-26 23:06:33] WARN cache miss on demo key\n[2026-03-26 23:07:10] ERROR sample downstream timeout recovered\n[2026-03-26 23:08:55] INFO serving local test traffic\n```

============================================================
[CASE]   4
[NAME]   clarify_deictic_db_tables_again
[CHAT]   17746206595
[TURN1]  查一下那个 sqlite 里有哪些表
[TASK1]  a1823b7c-90dd-4c13-aa47-00cac943ce56
  [status] <none> -> queued
  [status] queued -> running
  [status] running -> succeeded
[TEXT1]  请提供要查询的 SQLite 数据库文件路径（如 /path/to/xxx.db）？
[TURN2]  /home/guagua/test/data/test_contract.sqlite
[TASK2]  30f4a738-4949-4592-b274-fd0dce1f8d34
  [status] <none> -> running
  [status] running -> succeeded
[TEXT2]  该数据库包含以下表：accounts、audit_log

============================================================
[CASE]   5
[NAME]   clarify_deictic_archive_unpack_again
[CHAT]   17746206596
[TURN1]  把那个压缩包解压到 /home/guagua/test/tmp/dynamic_guard_unpack_case 然后告诉我结果
[TASK1]  f7d24288-85a6-400b-a788-8ba226fff182
  [status] <none> -> running
  [status] running -> succeeded
[TEXT1]  请提供要解压的压缩包的具体路径或文件名？
[TURN2]  /home/guagua/test/tmp/test_bundle.zip
[TASK2]  de0ff938-af66-4e98-a096-f90c043435ab
  [status] <none> -> running
  [status] running -> succeeded
[TEXT2]  解压成功，已将 test_bundle.zip 解压到 /home/guagua/test/tmp/dynamic_guard_unpack_case\n\n提取了以下文件：\n- file_one.txt\n- file_two.txt

============================================================
[CASE]   6
[NAME]   clarify_deictic_dir_count_again
[CHAT]   17746206597
[TURN1]  数一下那个目录里有多少个直接子项，只输出数字
[TASK1]  188278fb-dd0e-47b0-9c79-fe8dd608ab89
  [status] <none> -> queued
  [status] queued -> running
  [status] running -> succeeded
[TEXT1]  请告诉我需要统计的目录路径是什么？
[TURN2]  /home/guagua/test/docs
[TASK2]  e070e9a4-c646-4143-a376-c502a5789072
  [status] <none> -> running
  [status] running -> succeeded
[TEXT2]  3

============================================================
[CASE]   7
[NAME]   clarify_deictic_mixed_lang_readme_again
[CHAT]   17746206598
[TURN1]  Can you read that README header and summarize it in one sentence?
[TASK1]  0346e575-5d8c-4f59-b951-e9e66614eb63
  [status] <none> -> running
  [status] running -> succeeded
[TEXT1]  Could you give me the path or URL of the README you'd like me to read?
[TURN2]  /home/guagua/test/README.md
[TASK2]  b5f75984-d147-4bbc-92d6-0f809ace1e2b
  [status] <none> -> running
  [status] running -> succeeded
[TEXT2]  # Test Workspace\n\nThis directory is reserved for NL regression test artifacts and wrapper scripts.\n\nNotes:\n- The runner inputs and logs can live here.\n- The tested `clawd` runtime still uses its own configured workspace root; changing this directory alone does not change the agent's internal working directory.

============================================================
[CASE]   8
[NAME]   clarify_deictic_file_delivery_cn_en_again
[CHAT]   17746206599
[TURN1]  把那个 file 发给我，不要贴内容
[TASK1]  afe1f73d-d77c-4d8b-894e-ba5e12996cab
  [status] <none> -> running
  [status] running -> succeeded
[TEXT1]  请告诉我具体要发送的文件路径或名称。
[TURN2]  /home/guagua/test/docs/service_notes.md
[TASK2]  a898df72-514c-4760-97d0-03e24bdf572c
  [status] <none> -> queued
  [status] queued -> running
  [status] running -> succeeded
[TEXT2]  FILE:/home/guagua/test/docs/service_notes.md

============================================================
[CASE]   9
[NAME]   clarify_deictic_missing_file_after_target_again
[CHAT]   17746206600
[TURN1]  把那个文件发我
[TASK1]  e836789d-da38-4c48-99ba-5bf77ab9b5d5
  [status] <none> -> running
  [status] running -> succeeded
[TEXT1]  请提供要发送的文件路径或名称。
[TURN2]  /home/guagua/test/docs/not_exists_case_001.md
[TASK2]  692419fa-73c3-470e-ad25-19dfb758d8ec
  [status] <none> -> running
  [status] running -> succeeded
[TEXT2]  File not found: /home/guagua/test/docs/not_exists_case_001.md

============================================================
[CASE]   10
[NAME]   clarify_deictic_log_tail_focus_again
[CHAT]   17746206601
[TURN1]  把那个日志最后 10 行给我，再指出一个可疑点
[TASK1]  f24f053d-c690-4b83-bc42-717b0c7b0437
  [status] <none> -> running
  [status] running -> succeeded
[TEXT1]  请提供要查看的日志文件的路径或名称。
[TURN2]  /home/guagua/test/logs/app.log
[TASK2]  36d6f8c1-9e2b-431a-8010-6ba83de5aeb2
  [status] <none> -> running
  [status] running -> succeeded
[TEXT2]  Last 10 lines of `/home/guagua/test/logs/app.log` (file contains only 5 lines):\n\n```\n[2026-03-26 23:00:01] INFO startup complete\n[2026-03-26 23:04:12] INFO loaded 3 fixture documents\n[2026-03-26 23:06:33] WARN cache miss on demo key\n[2026-03-26 23:07:10] ERROR sample downstream timeout recovered\n[2026-03-26 23:08:55] INFO serving local test traffic\n```\n\n**Suspicious point:**  \nThe ERROR at `23:07:10` (“sample downstream timeout recovered”) indicates a downstream service timeout. Although it recovered, such errors may reveal intermittent connectivity or performance issues with dependent services.

============================================================
[CASE]   11
[NAME]   clarify_deictic_dir_list_names_again
[CHAT]   17746206602
[TURN1]  看看那个目录下面有什么，只列名字
[TASK1]  1f0e382c-2077-4307-bd29-556796d7e769
  [status] <none> -> running
  [status] running -> succeeded
[TEXT1]  请告诉我您想查看的目录路径。
[TURN2]  /home/guagua/test/docs
[TASK2]  b55f7493-ef30-4882-81c7-79c078833610
  [status] <none> -> running
  [status] running -> succeeded
[TEXT2]  guide.txt\nnotes.txt\nservice_notes.md

============================================================
[CASE]   12
[NAME]   clarify_deictic_db_schema_version_again
[CHAT]   17746206603
[TURN1]  看看那个 sqlite 的 schema version 是多少
[TASK1]  0abf636c-21f7-49a0-8894-ce3e7b191df5
  [status] <none> -> running
  [status] running -> succeeded
[TEXT1]  请提供该 SQLite 数据库的路径或文件名。
[TURN2]  /home/guagua/test/data/test_contract.sqlite
[TASK2]  6539725b-67d1-49ad-a568-249cb7fa0cea
  [status] <none> -> running
  [status] running -> succeeded
[TEXT2]  0

============================================================
[CASE]   13
[NAME]   clarify_deictic_colloquial_readme_send
[CHAT]   17746206604
[TURN1]  那个 README 直接发我呗，别贴正文
[TASK1]  bb4a22cb-0126-40b2-a3df-536f2359b09b
  [status] <none> -> running
  [status] running -> succeeded
[TEXT1]  请问您想要哪个 README 文件？
[TURN2]  /home/guagua/test/README.md
[TASK2]  b24af5a2-802e-4445-a748-70e5675470d7
  [status] <none> -> running
  [status] running -> succeeded
[TEXT2]  FILE:/home/guagua/test/README.md

============================================================
[CASE]   14
[NAME]   clarify_deictic_colloquial_log_tail
[CHAT]   17746206605
[TURN1]  帮我瞄一眼那个日志最后十行呗
[TASK1]  015444ea-5cd5-4e8b-9501-696ec2d4e46c
  [status] <none> -> running
  [status] running -> succeeded
[TEXT1]  请问要查看的日志文件路径是什么？
[TURN2]  /home/guagua/test/logs/app.log
[TASK2]  b0f7e1c7-9a99-49c5-96de-4bf3c469c8c9
  [status] <none> -> running
  [status] running -> succeeded
[TEXT2]  未找到 /home/guagua/test/logs/app.log 文件，或当前执行上下文未包含该文件的内容。请确认文件路径是否正确。

============================================================
[CASE]   15
[NAME]   clarify_deictic_colloquial_db_tables
[CHAT]   17746206606
[TURN1]  那个 sqlite 里有啥表，给我过一眼
[TASK1]  078abed2-5cf3-4349-8f59-448af0cdae54
  [status] <none> -> running
  [status] running -> succeeded
[TEXT1]  请提供那个 SQLite 数据库的路径或文件名。
[TURN2]  /home/guagua/test/data/test_contract.sqlite
[TASK2]  0740c5e9-8b13-4bc5-a366-70f5781de340
  [status] <none> -> running
  [status] running -> succeeded
[TEXT2]  **表列表：**\n\n- accounts\n- audit_log

============================================================
[CASE]   16
[NAME]   clarify_deictic_colloquial_docs_count
[CHAT]   17746206607
[TURN1]  那个目录里头有多少个直接子项，只给数字
[TASK1]  b0eea36f-b6dd-4aad-86f8-759623babd92
  [status] <none> -> running
  [status] running -> succeeded
[TEXT1]  79
[TURN2]  /home/guagua/test/docs
[TASK2]  677778cc-e3db-46c7-8702-487f649b5700
  [status] <none> -> queued
  [status] queued -> running
  [status] running -> succeeded
[TEXT2]  Do you want me to list the contents of /home/guagua/test/docs?

============================================================
[CASE]   17
[NAME]   clarify_deictic_colloquial_en_send
[CHAT]   17746206608
[TURN1]  Can you shoot me that config file real quick, no paste?
[TASK1]  51392cff-0b47-460d-9420-59762960a40e
  [status] <none> -> queued
  [status] queued -> running
  [status] running -> succeeded
[TEXT1]  Which config file do you need?
[TURN2]  /home/guagua/test/configs/app_config.toml
[TASK2]  341198fc-35c1-4f36-8a42-a0735320e36e
  [status] <none> -> running
  [status] running -> succeeded
[TEXT2]  FILE:/home/guagua/test/configs/app_config.toml

============================================================
[CASE]   18
[NAME]   clarify_deictic_colloquial_en_read
[CHAT]   17746206609
[TURN1]  Mind reading that README header and giving me a one-liner?
[TASK1]  7952d438-625f-4ca0-89f0-7e02376955f7
  [status] <none> -> running
  [status] running -> succeeded
[TEXT1]  Which README file do you want me to read?
[TURN2]  /home/guagua/test/README.md
[TASK2]  447834f4-1a21-40c1-9106-a58dc12f32dc
  [status] <none> -> running
  [status] running -> succeeded
[TEXT2]  The README is a project guide covering installation, usage examples, configuration, and contribution guidelines.

============================================================
[CASE]   19
[NAME]   clarify_deictic_colloquial_mixed_log
[CHAT]   17746206610
[TURN1]  that log 给我 tail 一下最后 6 行
[TASK1]  c859f438-3425-4c63-a248-618513145738
  [status] <none> -> running
  [status] running -> succeeded
[TEXT1]  请提供要 tail 的日志文件路径？
[TURN2]  /home/guagua/test/logs/app.log
[TASK2]  a481f5d2-f627-48fe-a83a-f09f216d39bf
  [status] <none> -> running
  [status] running -> succeeded
[TEXT2]  [2026-03-26 23:00:01] INFO startup complete\n[2026-03-26 23:04:12] INFO loaded 3 fixture documents\n[2026-03-26 23:06:33] WARN cache miss on demo key\n[2026-03-26 23:07:10] ERROR sample downstream timeout recovered\n[2026-03-26 23:08:55] INFO serving local test traffic

============================================================
[CASE]   20
[NAME]   clarify_deictic_ultra_cn_send
[CHAT]   17746206611
[TURN1]  那个 README 快发我，别粘贴
[TASK1]  956bff41-a89f-4010-9166-c50c940f99ac
  [status] <none> -> queued
  [status] queued -> running
  [status] running -> succeeded
[TEXT1]  请告诉我要获取哪个 README 文件的路径或名称。
[TURN2]  /home/guagua/test/README.md
[TASK2]  7dc63cd6-d2ec-448d-8910-0e6f439333ea
  [status] <none> -> queued
  [status] queued -> running
  [status] running -> succeeded
[TEXT2]  FILE:/home/guagua/test/README.md

============================================================
[CASE]   21
[NAME]   clarify_deictic_ultra_cn_tail
[CHAT]   17746206612
[TURN1]  那个日志最后五行，快点给我
[TASK1]  baad0a44-3f44-4c5e-8df3-735d16f799e6
  [status] <none> -> running
  [status] running -> succeeded
[TEXT1]  请提供日志文件的路径。
[TURN2]  /home/guagua/test/logs/app.log
[TASK2]  25b55bb6-f102-4559-af7a-2dedb35085b4
  [status] <none> -> running
  [status] running -> succeeded
[TEXT2]  [2026-03-26 23:00:01] INFO startup complete\n[2026-03-26 23:04:12] INFO loaded 3 fixture documents\n[2026-03-26 23:06:33] WARN cache miss on demo key\n[2026-03-26 23:07:10] ERROR sample downstream timeout recovered\n[2026-03-26 23:08:55] INFO serving local test traffic

============================================================
[CASE]   22
[NAME]   clarify_deictic_ultra_cn_db
[CHAT]   17746206613
[TURN1]  那个数据库有啥表，直接说
[TASK1]  506c0941-15be-4cde-b5db-3ae788876e41
  [status] <none> -> running
  [status] running -> succeeded
[TEXT1]  您想查看哪个数据库的表？
[TURN2]  /home/guagua/test/data/test_contract.sqlite
[TASK2]  b0bc4395-0758-46cd-a5fc-68f4a43e294f
  [status] <none> -> running
  [status] running -> succeeded
[TEXT2]  该数据库包含以下表：\n\n- accounts\n- audit_log

============================================================
[CASE]   23
[NAME]   clarify_deictic_ultra_en_send
[CHAT]   17746206614
[TURN1]  send me that file pls, no paste
[TASK1]  4272a067-6f04-4c03-aa24-121d08542115
  [status] <none> -> queued
  [status] queued -> running
  [status] running -> succeeded
[TEXT1]  Which file would you like me to send you?
[TURN2]  /home/guagua/test/docs/service_notes.md
[TASK2]  94b29458-f785-4c4f-bf7b-1af4b9ae8fec
  [status] <none> -> running
  [status] running -> succeeded
[TEXT2]  FILE:/home/guagua/test/docs/service_notes.md

============================================================
[CASE]   24
[NAME]   clarify_deictic_ultra_en_read
[CHAT]   17746206615
[TURN1]  read that readme top part n gimme one-line summary
[TASK1]  3dc230e2-a82d-4892-913c-18f56ffe5450
  [status] <none> -> running
  [status] running -> succeeded
[TEXT1]  Which readme file do you want me to read?
[TURN2]  /home/guagua/test/README.md
[TASK2]  cf15b94c-2556-45d2-b24b-9d4d8a4c8dca
  [status] <none> -> running
  [status] running -> succeeded
[TEXT2]  该 README.md 文件描述了一个用于存放自然语言回归测试产物和脚本的测试工作区。

============================================================
[CASE]   25
[NAME]   clarify_deictic_ultra_mixed_dir_count
[CHAT]   17746206616
[TURN1]  that docs 目录有几个直接子项，只回数字
[TASK1]  8895e793-a329-4e20-b885-9220d40ec7fc
  [status] <none> -> queued
  [status] queued -> running
  [status] running -> succeeded
[TEXT1]  10
[TURN2]  /home/guagua/test/docs
[TASK2]  88b0e86d-ae8c-49d9-b1c7-b9f33b28b873
  [status] <none> -> running
  [status] running -> succeeded
[TEXT2]  Do you want me to count the direct subitems in /home/guagua/test/docs?

Artifacts:
  - /home/guagua/git_upload/scripts/nl_suite_logs/dynamic_guard_clarify/20260327_225140
  - /home/guagua/git_upload/scripts/nl_suite_logs/dynamic_guard_clarify/20260327_225140/run.log
  - /home/guagua/git_upload/scripts/nl_suite_logs/dynamic_guard_clarify/20260327_225140/summary.jsonl
