NL suite: clarify
  run_dir:   /home/guagua/git_upload/scripts/nl_suite_logs/clarify_hard/20260327_014930
  run_log:   /home/guagua/git_upload/scripts/nl_suite_logs/clarify_hard/20260327_014930/run.log
  case_file: /home/guagua/git_upload/scripts/nl_cases_clarify_hard_20260326.txt
  base_url:  http://127.0.0.1:8787
  user_id:   1985996990
  chat_id:   1985996990

============================================================
[CASE]   1
[NAME]   clarify_which_readme
[CHAT]   1985996991
[TURN1]  读一下那个 README 开头并用一句话总结
[TASK1]  1d13babd-fa5b-49c2-af13-1305d053bc4a
  [status] <none> -> queued
  [status] queued -> running
  [status] running -> succeeded
[TEXT1]  该目录用于存放 NL 回归测试工件和脚本。
[TURN2]  /home/guagua/test/README.md
[TASK2]  96cb5117-d732-4d4f-8d96-c457f1595b80
  [status] <none> -> queued
  [status] queued -> running
