NL multi-turn suite: clarify
  run_dir:    /home/guagua/git_upload/scripts/nl_suite_logs/dynamic_guard_clarify/20260328_095157
  run_log:    /home/guagua/git_upload/scripts/nl_suite_logs/dynamic_guard_clarify/20260328_095157/run.log
  case_file:  /home/guagua/git_upload/scripts/nl_tests/cases/nl_cases_dynamic_guard_clarify_20260327.txt
  turn_count: 2
  base_url:   http://127.0.0.1:8787
  user_id:    1985996990
  chat_id:    17746607401

============================================================
[CASE]   1
[NAME]   clarify_deictic_readme_again
[CHAT]   17746607402
[TURN1]  读一下那个 README 开头并用一句话总结
[TASK1]  608f7ef3-cf48-4bdb-bc4e-3a4f33692817
  [status] <none> -> running
  [status] running -> succeeded
[TEXT1]  请问要读取哪个 README 文件？
[TURN2]  /home/guagua/test/README.md
[TASK2]  50a02506-06f7-4ca1-ad2a-da54170a77c9
  [status] <none> -> running
  [status] running -> succeeded
[TEXT2]  This directory is reserved for NL regression test artifacts and wrapper scripts.

============================================================
[CASE]   2
[NAME]   clarify_deictic_config_send_again
[CHAT]   17746607403
[TURN1]  把那个配置文件发给我
[TASK1]  739104f3-6594-43e0-9508-6449d7823845
  [status] <none> -> running
poll timeout for task_id=739104f3-6594-43e0-9508-6449d7823845
