NL suite: clarify
  run_dir:   scripts/nl_suite_logs/dynamic_guard_clarify/20260327_025717
  run_log:   scripts/nl_suite_logs/dynamic_guard_clarify/20260327_025717/run.log
  case_file: scripts/nl_cases_dynamic_guard_clarify_20260327.txt
  base_url:  http://127.0.0.1:8787
  user_id:   1985996990
  chat_id:   1985996990

============================================================
[CASE]   1
[NAME]   clarify_deictic_readme_again
[CHAT]   1985996991
[TURN1]  读一下那个 README 开头并用一句话总结
[TASK1]  ff2ba380-e67a-4e58-a911-3f0bcdd2d940
  [status] <none> -> running
  [status] running -> succeeded
[TEXT1]  无法获取文件内容。执行上下文显示 `read_file` 技能已成功执行，但未提供 `/home/guagua/test/README.md` 文件的实际内容。请确认文件是否存在或提供文件内容。
[TURN2]  /home/guagua/test/README.md
[TASK2]  a5b10ba1-fdcf-43d5-9173-cf8a52bd1f09
  [status] <none> -> queued
  [status] queued -> running
  [status] running -> succeeded
[TEXT2]  您想要对这个文件执行什么操作？

============================================================
[CASE]   2
[NAME]   clarify_deictic_config_send_again
[CHAT]   1985996992
[TURN1]  把那个配置文件发给我
[TASK1]  acd4876c-d75a-49b6-a69d-01dc3fad4170
  [status] <none> -> running
  [status] running -> succeeded
[TEXT1]  未找到 `/home/guagua/test/configs/app_config.toml` 文件。
[TURN2]  /home/guagua/test/configs/app_config.toml
[TASK2]  b19b74c4-c50b-45ce-ab10-58c19936907d
  [status] <none> -> running
