NL multi-turn suite: clarify
  run_dir:    /home/guagua/git_upload/scripts/nl_suite_logs/dynamic_guard_clarify/20260327_190111
  run_log:    /home/guagua/git_upload/scripts/nl_suite_logs/dynamic_guard_clarify/20260327_190111/run.log
  case_file:  /home/guagua/git_upload/scripts/nl_tests/cases/nl_cases_dynamic_guard_clarify_20260327.txt
  turn_count: 2
  base_url:   http://127.0.0.1:8787
  user_id:    1985996990
  chat_id:    1985996990

============================================================
[CASE]   1
[NAME]   clarify_deictic_readme_again
[CHAT]   1985996991
[TURN1]  读一下那个 README 开头并用一句话总结
[TASK1]  3ea69a21-1e86-4220-91b2-21e451272029
  [status] <none> -> running
  [status] running -> succeeded
[TEXT1]  文件 /home/guagua/test/README.md 未找到或无法读取。
[TURN2]  /home/guagua/test/README.md
[TASK2]  7217563d-4ee3-4117-a5be-8654d8a462a6
  [status] <none> -> running
  [status] running -> succeeded
[TEXT2]  Do you want me to read the file /home/guagua/test/README.md, or check if it exists?

============================================================
[CASE]   2
[NAME]   clarify_deictic_config_send_again
[CHAT]   1985996992
[TURN1]  把那个配置文件发给我
[TASK1]  3911becb-77eb-43a4-90ef-9233aa742897
  [status] <none> -> queued
  [status] queued -> running
  [status] running -> succeeded
[TEXT1]  FILE:/home/guagua/test/configs/app_config.toml
[TURN2]  /home/guagua/test/configs/app_config.toml
[TASK2]  f35d3277-d1e0-455f-a8d6-31ecc49434b0
  [status] <none> -> running
  [status] running -> succeeded
[TEXT2]  文件 `/home/guagua/test/configs/app_config.toml` 读取成功，但未返回具体内容。请提供该文件的具体内容，或确认文件路径是否正确。

============================================================
[CASE]   3
[NAME]   clarify_deictic_log_tail_again
[CHAT]   1985996993
[TURN1]  看下那个日志最近 20 行
[TASK1]  00df94c1-4266-4f40-829c-e4deffcbcffb
  [status] <none> -> running
  [status] running -> succeeded
[TEXT1]  [2026-03-26 23:00:01] INFO startup complete\n[2026-03-26 23:04:12] INFO loaded 3 fixture documents\n[2026-03-26 23:06:33] WARN cache miss on demo key\n[2026-03-26 23:07:10] ERROR sample downstream timeout recovered\n[2026-03-26 23:08:55] INFO serving local test traffic
[TURN2]  /home/guagua/test/logs/app.log
[TASK2]  57ab07af-6032-4d93-8ab4-ac4b8f2e7ccf
  [status] <none> -> queued
  [status] queued -> running
  [status] running -> succeeded
[TEXT2]  The file `/home/guagua/test/logs/app.log` was not found.

============================================================
[CASE]   4
[NAME]   clarify_deictic_db_tables_again
[CHAT]   1985996994
[TURN1]  查一下那个 sqlite 里有哪些表
[TASK1]  d6d46d2c-cd0a-463b-9b8f-83f2112a9753
  [status] <none> -> queued
  [status] queued -> running
  [status] running -> succeeded
[TEXT1]  accounts, audit_log
[TURN2]  /home/guagua/test/data/test_contract.sqlite
[TASK2]  02f019b5-1ef0-40b6-992b-d690d9001875
  [status] <none> -> running
  [status] running -> succeeded
[TEXT2]  What would you like to do with this SQLite file?

============================================================
[CASE]   5
[NAME]   clarify_deictic_archive_unpack_again
[CHAT]   1985996995
[TURN1]  把那个压缩包解压到 /home/guagua/test/tmp/dynamic_guard_unpack_case 然后告诉我结果
[TASK1]  4fcc5518-23e6-4125-9541-e9975a6e330a
  [status] <none> -> running
  [status] running -> succeeded
[TEXT1]  Archive: /home/guagua/test/tmp/test_bundle.zip\n extracting: /home/guagua/test/tmp/dynamic_guard_unpack_case/file_one.txt\n extracting: /home/guagua/test/tmp/dynamic_guard_unpack_case/file_two.txt
[TURN2]  /home/guagua/test/tmp/test_bundle.zip
[TASK2]  d11a5116-71a2-43af-b675-cc6544104908
  [status] <none> -> running
  [status] running -> succeeded
[TEXT2]  Do you want me to extract the contents of /home/guagua/test/tmp/test_bundle.zip into /home/guagua/test/tmp/dynamic_guard_unpack_case?

============================================================
[CASE]   6
[NAME]   clarify_deictic_dir_count_again
[CHAT]   1985996996
[TURN1]  数一下那个目录里有多少个直接子项，只输出数字
[TASK1]  5550facd-cbf6-4e87-ab68-140649d7e541
  [status] <none> -> running
  [status] running -> succeeded
[TEXT1]  您指的是 /home/guagua/test/docs 目录吗？
[TURN2]  /home/guagua/test/docs
[TASK2]  15a37539-e1d7-4258-ba6b-f7c18d6236f5
  [status] <none> -> queued
  [status] queued -> running
  [status] running -> succeeded
[TEXT2]  3

============================================================
[CASE]   7
[NAME]   clarify_deictic_mixed_lang_readme_again
[CHAT]   1985996997
[TURN1]  Can you read that README header and summarize it in one sentence?
[TASK1]  d7f5d301-fe7c-4d5e-a413-a02654cbfe80
  [status] <none> -> running
  [status] running -> succeeded
[TEXT1]  该目录用于存放自然语言回归测试的产物和脚本，仅作为辅助位置，不会影响代理内部配置的根工作目录。
[TURN2]  /home/guagua/test/README.md
[TASK2]  116fb83d-0b2c-44c2-9016-6d6389aef2e2
  [status] <none> -> running
  [status] running -> succeeded
[TEXT2]  读取 /home/guagua/test/README.md 失败：工具返回的是测试工作区描述文本，而非该文件的内容。文件可能不存在或路径有误。

============================================================
[CASE]   8
[NAME]   clarify_deictic_file_delivery_cn_en_again
[CHAT]   1985996998
[TURN1]  把那个 file 发给我，不要贴内容
[TASK1]  d45f1d65-74a9-4af1-884a-5f05c764de21
  [status] <none> -> queued
  [status] queued -> running
  [status] running -> succeeded
[TEXT1]  请提供您想查看的文件路径，例如 /home/guagua/test/logs/app.log。
[TURN2]  /home/guagua/test/docs/service_notes.md
[TASK2]  064c5f0b-c969-4728-a22a-4f1befd9cfdb
  [status] <none> -> running
  [status] running -> succeeded
[TEXT2]  FILE:/home/guagua/test/docs/service_notes.md

============================================================
[CASE]   9
[NAME]   clarify_deictic_missing_file_after_target_again
[CHAT]   1985996999
[TURN1]  把那个文件发我
[TASK1]  57877f64-4a01-4ce0-b097-c4c1150b94d4
  [status] <none> -> running
  [status] running -> succeeded
[TEXT1]  FILE:/home/guagua/test/README.md
[TURN2]  /home/guagua/test/docs/not_exists_case_001.md
[TASK2]  566d03f2-6b19-4cd8-b271-25d0b47882ac
  [status] <none> -> queued
  [status] queued -> running
  [status] running -> succeeded
[TEXT2]  File not found: /home/guagua/test/docs/not_exists_case_001.md

============================================================
[CASE]   10
[NAME]   clarify_deictic_log_tail_focus_again
[CHAT]   1985997000
[TURN1]  把那个日志最后 10 行给我，再指出一个可疑点
[TASK1]  da5fa77a-0cce-43d1-b7ac-00e3aafec15d
  [status] <none> -> running
  [status] running -> succeeded
[TEXT1]  根据执行上下文，读取文件内容的 `run_cmd` 技能已标记为 `success`，但本次执行上下文中未包含该命令的实际输出内容（如文件内容或错误信息）。\n\n因此**无法确认** `/home/guagua/test/logs/model_io.log` 的最后 10 行内容，也**无法指出可疑点**。请提供该命令的原始输出结果，或重新执行一次读取操作，以便我基于实际内容进行分析。
[TURN2]  /home/guagua/test/logs/app.log
[TASK2]  e2bc0e87-4a9b-436f-a59f-6fbf19a66ca3
  [status] <none> -> queued
  [status] queued -> running
  [status] running -> succeeded
[TEXT2]  [2026-03-26 23:00:01] INFO startup complete\n[2026-03-26 23:04:12] INFO loaded 3 fixture documents\n[2026-03-26 23:06:33] WARN cache miss on demo key\n[2026-03-26 23:07:10] ERROR sample downstream timeout recovered\n[2026-03-26 23:08:55] INFO serving local test traffic

============================================================
[CASE]   11
[NAME]   clarify_deictic_dir_list_names_again
[CHAT]   1985997001
[TURN1]  看看那个目录下面有什么，只列名字
[TASK1]  31a966e6-a7dc-4471-b95e-098d79361b08
  [status] <none> -> running
  [status] running -> succeeded
[TEXT1]  guide.txt notes.txt service_notes.md
[TURN2]  /home/guagua/test/docs
[TASK2]  ee5e094d-ad9c-4c65-9370-60a861b68c57
  [status] <none> -> running
  [status] running -> succeeded
[TEXT2]  guide.txt\nnotes.txt\nservice_notes.md

============================================================
[CASE]   12
[NAME]   clarify_deictic_db_schema_version_again
[CHAT]   1985997002
[TURN1]  看看那个 sqlite 的 schema version 是多少
[TASK1]  9c1519c7-9037-40de-b359-fc26a27f4447
  [status] <none> -> running
  [status] running -> succeeded
[TEXT1]  请告诉我你要查询的 SQLite 数据库的完整路径或文件名。
[TURN2]  /home/guagua/test/data/test_contract.sqlite
[TASK2]  b7b2ab82-6048-48bb-89e3-30f9ad3659a5
  [status] <none> -> running
  [status] running -> succeeded
[TEXT2]  0

Artifacts:
  - /home/guagua/git_upload/scripts/nl_suite_logs/dynamic_guard_clarify/20260327_190111
  - /home/guagua/git_upload/scripts/nl_suite_logs/dynamic_guard_clarify/20260327_190111/run.log
  - /home/guagua/git_upload/scripts/nl_suite_logs/dynamic_guard_clarify/20260327_190111/summary.jsonl
