Natural-language manual regression
  case_file:     /home/guagua/git_upload/scripts/nl_tests/cases/nl_cases_dynamic_guard_manual_20260327.txt
  run_dir:       /home/guagua/git_upload/scripts/nl_suite_logs/dynamic_guard_manual/20260328_090441
  run_log:       /home/guagua/git_upload/scripts/nl_suite_logs/dynamic_guard_manual/20260328_090441/run.log
  summary_jsonl: /home/guagua/git_upload/scripts/nl_suite_logs/dynamic_guard_manual/20260328_090441/summary.jsonl
  base_url:      http://127.0.0.1:8787
  user_id:       1985996990
  chat_id:       17746598911
  user_key:      <set>
  wait:          240s
  poll:          1s
  retry_logic:   disabled (log only)


============================================================
[CASE]        1
[SOURCE_LINE] 4
[NAME]        explicit_path_readme_summary
[CHAT]        17746598912
[PROMPT]      读一下 /home/guagua/test/README.md 开头并用一句话总结
[TASK]        1bf5a0f0-c5c0-43be-9498-3c24663827e6
  [status] <none> -> running
  [status] running -> succeeded
[RESULT]
  [final] status=succeeded
  [text] 该 README.md 文件介绍了该项目的基本概述、功能特性、快速开始指南以及贡献方式。

============================================================
[CASE]        2
[SOURCE_LINE] 5
[NAME]        explicit_path_readme_send
[CHAT]        17746598913
[PROMPT]      把 /home/guagua/test/README.md 发给我
[TASK]        bdee1aec-eb36-486d-a87a-190dd95fe975
  [status] <none> -> running
