Natural-language manual regression
  case_file:     /home/guagua/git_upload/scripts/nl_tests/cases/nl_case_regression_english_explicit_log_tail_20260328.txt
  run_dir:       /home/guagua/git_upload/scripts/nl_suite_logs/dynamic_guard_manual_regression/20260328_104417
  run_log:       /home/guagua/git_upload/scripts/nl_suite_logs/dynamic_guard_manual_regression/20260328_104417/run.log
  summary_jsonl: /home/guagua/git_upload/scripts/nl_suite_logs/dynamic_guard_manual_regression/20260328_104417/summary.jsonl
  base_url:      http://127.0.0.1:8787
  user_id:       1985996990
  chat_id:       17746660001
  user_key:      <set>
  wait:          240s
  poll:          1s
  retry_logic:   disabled (log only)


============================================================
[CASE]        1
[SOURCE_LINE] 1
[NAME]        english_explicit_log_tail
[CHAT]        17746660002
[PROMPT]      Show the last 12 lines of /home/guagua/test/logs/app.log.
[TASK]        ba7dab41-1a4c-4708-9a8d-1a7860570e38
  [status] <none> -> running
  [status] running -> succeeded
[RESULT]
  [final] status=succeeded
  [text] [2026-03-26 23:00:01] INFO startup complete [2026-03-26 23:04:12] INFO loaded 3 fixture documents [2026-03-26 23:06:33] WARN cache miss on demo key [2026-03-26 23:07:10] ERROR sample downstream timeout recovered [2026-03...(truncated)

================ Final Summary ================
TOTAL_CASES=1 SUCCEEDED=1 FAILED=0 CANCELED=0 TIMEOUT=0

Artifacts:
  - /home/guagua/git_upload/scripts/nl_suite_logs/dynamic_guard_manual_regression/20260328_104417
  - /home/guagua/git_upload/scripts/nl_suite_logs/dynamic_guard_manual_regression/20260328_104417/run.log
  - /home/guagua/git_upload/scripts/nl_suite_logs/dynamic_guard_manual_regression/20260328_104417/summary.jsonl
