Natural-language manual regression
  case_file:     /tmp/rustclaw-workspace/scripts/nl_tests/cases/nl_cases_manual.txt
  run_dir:       /tmp/rustclaw-workspace/scripts/nl_suite_logs/manual/20260403_135703
  run_log:       /tmp/rustclaw-workspace/scripts/nl_suite_logs/manual/20260403_135703/run.log
  summary_jsonl: /tmp/rustclaw-workspace/scripts/nl_suite_logs/manual/20260403_135703/summary.jsonl
  base_url:      http://127.0.0.1:8787
  user_id:       1985996990
  chat_id:       1985996990
  user_key:      <set>
  wait:          240s
  poll:          1s
  retry_logic:   disabled (log only)


============================================================
[CASE]        1
[SOURCE_LINE] 6
[NAME]        chat_weather_joke
[CHAT]        1985996991
[PROMPT]      今天天气先别查，给我讲一个简短冷笑话
[TASK]        4189d0e6-d2bf-451a-99ad-3ff8253a7b4f
  [status] <none> -> running
  [status] running -> succeeded
[RESULT]
  [final] status=succeeded
  [text] 问：为什么JavaScript开发者要戴眼镜？ 答：因为他们 C#（看-sharp）不清。

============================================================
[CASE]        2
[SOURCE_LINE] 7
[NAME]        act_pwd_only
[CHAT]        1985996992
[PROMPT]      只输出当前工作目录的绝对路径，不要解释
[TASK]        97bee40a-0980-49a0-a322-22383f258f80
  [status] <none> -> running
  [status] running -> succeeded
[RESULT]
  [final] status=succeeded
  [text] /tmp/rustclaw-workspace

============================================================
[CASE]        3
[SOURCE_LINE] 8
[NAME]        act_list_top_dirs
[CHAT]        1985996993
[PROMPT]      把当前仓库顶层目录和文件列出来，简单分组就行
[TASK]        8d6a4625-f598-47eb-9eae-027d101066fd
  [status] <none> -> queued
  [status] queued -> running
  [status] running -> succeeded
[RESULT]
  [final] status=succeeded
  [text] .cargo/ .dockerignore .env.example .git/ .gitignore .pids/ .vscode/ AGENTS.md Cargo.lock Cargo.toml LICENSE LICENSE.zh-CN.md README.md README.zh-CN.md README_cn.md RUSTCLAW_SERVICE_README.md RustClaw.png RustClaw480X320....(truncated)

============================================================
[CASE]        4
[SOURCE_LINE] 9
[NAME]        act_hidden_files
[CHAT]        1985996994
[PROMPT]      看一下当前目录有没有隐藏文件，只回答有或没有，并补 3 个例子
[TASK]        1666d7f4-9080-4d41-ad08-96af61158829
  [status] <none> -> queued
  [status] queued -> running
  [status] running -> succeeded
[RESULT]
  [final] status=succeeded
  [text] .cargo/ .dockerignore .env.example .git/ .gitignore .pids/ .vscode/ AGENTS.md Cargo.lock Cargo.toml LICENSE LICENSE.zh-CN.md README.md README.zh-CN.md README_cn.md RUSTCLAW_SERVICE_README.md RustClaw.png RustClaw480X320....(truncated)

============================================================
[CASE]        5
[SOURCE_LINE] 10
[NAME]        act_read_readme_head
[CHAT]        1985996995
[PROMPT]      扫一眼 README 前 20 行，再提炼成 3 句话
[TASK]        39afb850-6d11-4e4e-8b43-ea5dd058aacd
  [status] <none> -> running
  [status] running -> succeeded
[RESULT]
  [final] status=succeeded
  [text] README 文件未找到，请提供完整路径。

============================================================
[CASE]        6
[SOURCE_LINE] 11
[NAME]        chat_act_compare_sizes
[CHAT]        1985996996
[PROMPT]      比较 Cargo.toml 和 Cargo.lock 哪个更大，顺手用一句通俗话解释原因
[TASK]        01e5a14e-bac0-4571-81d0-b6ff58c41e86
  [status] <none> -> running
  [status] running -> succeeded
[RESULT]
  [final] status=succeeded
  [text] 未找到或无法访问指定文件，请提供完整的文件路径。

============================================================
[CASE]        7
[SOURCE_LINE] 12
[NAME]        missing_file_graceful
[CHAT]        1985996997
[PROMPT]      把 definitely_missing_named_file_rustclaw_001.txt 发给我
[TASK]        8394c822-e22b-40c4-a89b-89ade643a9b3
  [status] <none> -> running
  [status] running -> succeeded
[RESULT]
  [final] status=succeeded
  [text] 未找到该文件

============================================================
[CASE]        8
[SOURCE_LINE] 13
[NAME]        write_and_deliver_hello
[CHAT]        1985996998
[PROMPT]      写一个 hello world shell 脚本，保存成 document/hello_from_manual_test.sh，然后把文件发给我
[TASK]        7fe04796-0651-4a2f-8c24-88771807269a
  [status] <none> -> running
  [status] running -> succeeded
[RESULT]
  [final] status=succeeded
  [text] FILE:/tmp/rustclaw-workspace/document/hello_from_manual_test.sh

============================================================
[CASE]        9
[SOURCE_LINE] 14
[NAME]        chat_explain_repo_briefly
[CHAT]        1985996999
[PROMPT]      用非技术用户能听懂的话，简短解释这个仓库主要是干什么的
[TASK]        73464beb-95a5-463c-a2c6-26ecd56d3093
  [status] <none> -> running
  [status] running -> succeeded
[RESULT]
  [final] status=succeeded
  [text] 该仓库未找到，请提供完整的仓库路径或 README 文件位置。

============================================================
[CASE]        10
[SOURCE_LINE] 15
[NAME]        chat_translate_simple
[CHAT]        1985997000
[PROMPT]      把这句话翻成英文：现在服务已经恢复了
[TASK]        063714f5-16b4-4c66-bf31-ba6a7ecbfd2e
  [status] <none> -> queued
  [status] queued -> running
  [status] running -> succeeded
[RESULT]
  [final] status=succeeded
  [text] The service has been restored now.

============================================================
[CASE]        11
[SOURCE_LINE] 16
[NAME]        act_whoami_only
[CHAT]        1985997001
[PROMPT]      只输出当前用户名，不要解释
[TASK]        a7e4f960-af1e-4074-90f6-aafbeb5d6f25
  [status] <none> -> queued
  [status] queued -> running
  [status] running -> succeeded
[RESULT]
  [final] status=succeeded
  [text] testuser

============================================================
[CASE]        12
[SOURCE_LINE] 17
[NAME]        act_hostname_only
[CHAT]        1985997002
[PROMPT]      只输出当前机器 hostname
[TASK]        de7a97e6-0dad-48e0-b9ed-e616c763ea0a
  [status] <none> -> queued
  [status] queued -> running
  [status] running -> succeeded
[RESULT]
  [final] status=succeeded
  [text] rustclaw-test-host.local

============================================================
[CASE]        13
[SOURCE_LINE] 18
[NAME]        act_list_logs
[CHAT]        1985997003
[PROMPT]      列出 logs 目录下的前 10 个文件名，不要读内容
[TASK]        26cb227b-75ca-41da-8e7a-a36a163be3d3
  [status] <none> -> running
  [status] running -> succeeded
[RESULT]
  [final] status=succeeded
  [text] act_plan.log clawd.log feishud.log install_ops.log logs_directory_listing.txt model_io.log service_ops.log telegramd.log webd.log wechatd.log

============================================================
[CASE]        14
[SOURCE_LINE] 19
[NAME]        act_find_service_file
[CHAT]        1985997004
[PROMPT]      检查仓库里有没有 rustclaw.service，只回答有或没有，并给出路径
[TASK]        2a017560-e853-4ec9-83e3-2b1acaa7f2ee
  [status] <none> -> queued
  [status] queued -> running
  [status] running -> succeeded
[RESULT]
  [final] status=succeeded
  [text] 有，路径: /tmp/rustclaw-workspace/rustclaw.service

============================================================
[CASE]        15
[SOURCE_LINE] 20
[NAME]        act_check_document_dir
[CHAT]        1985997005
[PROMPT]      列出 document 目录下有哪些文件，只输出文件名列表
[TASK]        9d1a4d24-e1b3-4211-966a-bb0bbf889a63
  [status] <none> -> running
  [status] running -> failed
[RESULT]
  [final] status=failed
  [error] step 1 failed (skill(list_dir)): unexpected arg key: names_only
  [text] step 1 failed (skill(list_dir)): unexpected arg key: names_only

============================================================
[CASE]        16
[SOURCE_LINE] 21
[NAME]        act_read_agents_head
[CHAT]        1985997006
[PROMPT]      读取 AGENTS.md 前 30 行，提炼 3 条最重要规则
[TASK]        278a28bd-c267-4b2d-ad72-6022df905ac2
  [status] <none> -> running
  [status] running -> succeeded
[RESULT]
  [final] status=succeeded
  [text] 未找到 AGENTS.md 文件，请提供该文件的完整路径。

============================================================
[CASE]        17
[SOURCE_LINE] 22
[NAME]        act_show_package_json_name
[CHAT]        1985997007
[PROMPT]      读取 package.json 里的 name 字段，只输出值
[TASK]        8d470671-f184-44dc-ae6e-4857020367d8
  [status] <none> -> running
  [status] running -> succeeded
[RESULT]
  [final] status=succeeded
  [text] 未找到 package.json 文件；请提供完整路径。

============================================================
[CASE]        18
[SOURCE_LINE] 23
[NAME]        act_show_cargo_package_name
[CHAT]        1985997008
[PROMPT]      读取 Cargo.toml 的 package.name，只输出值
[TASK]        f41ce553-cbff-4c9e-af41-2b6dc6ae0419
  [status] <none> -> running
  [status] running -> succeeded
[RESULT]
  [final] status=succeeded
  [text] 文件未找到，请提供完整的 Cargo.toml 路径。

============================================================
[CASE]        19
[SOURCE_LINE] 24
[NAME]        chat_act_disk_usage_brief
[CHAT]        1985997009
[PROMPT]      查看当前磁盘使用情况，然后用一句大白话告诉我最该担心哪一项
[TASK]        bc0374f6-72e9-4451-b47c-234d04eb5fe6
  [status] <none> -> running
