NL suite: clarify
  run_dir:   scripts/nl_suite_logs/dynamic_guard_clarify/20260327_074432
  run_log:   scripts/nl_suite_logs/dynamic_guard_clarify/20260327_074432/run.log
  case_file: scripts/nl_cases_dynamic_guard_clarify_20260327.txt
  base_url:  http://127.0.0.1:8787
  user_id:   1985996990
  chat_id:   1985996990

============================================================
[CASE]   1
[NAME]   clarify_deictic_readme_again
[CHAT]   1985996991
[TURN1]  读一下那个 README 开头并用一句话总结
[TASK1]  ab8a226d-42ad-4a17-9eba-1372e67aa441
  [status] <none> -> running
  [status] running -> succeeded
[TEXT1]  该目录用于存放 NL 回归测试工件、包装脚本以及 runner 的输入和日志。
[TURN2]  /home/guagua/test/README.md
[TASK2]  2f9fc912-ba36-440a-92f5-6281dcbc3c2c
  [status] <none> -> running
  [status] running -> succeeded
[TEXT2]  您想对 /home/guagua/test/README.md 执行什么操作？

============================================================
[CASE]   2
[NAME]   clarify_deictic_config_send_again
[CHAT]   1985996992
[TURN1]  把那个配置文件发给我
[TASK1]  786f4db7-57c6-4a4a-9209-84567deef7e1
  [status] <none> -> running
  [status] running -> succeeded
[TEXT1]  文件 `/home/guagua/test/configs/app_config.toml` 未找到。
[TURN2]  /home/guagua/test/configs/app_config.toml
[TASK2]  3c78998a-5c3d-4aa6-9c84-81469bcebf88
  [status] <none> -> running
  [status] running -> succeeded
[TEXT2]  Based on the execution context provided, the `read_file` skill was invoked for the file at the specified path (`/home/guagua/test/configs/app_config.toml`), but the actual file content result is not included in the visible execution context output.\n\nIf the file exists and was successfully read, the content would be shown here. Since the content is not visible in the current context, I cannot display it. If you need the file contents, you may need to re-run the read operation or provide the file content directly.

============================================================
[CASE]   3
[NAME]   clarify_deictic_log_tail_again
[CHAT]   1985996993
[TURN1]  看下那个日志最近 20 行
[TASK1]  8720cd98-b51c-4fae-a12a-135c0a56f7eb
  [status] <none> -> running
  [status] running -> succeeded
[TEXT1]  需要重新获取 /home/guagua/test/logs/app.log 的最近 20 行吗？
[TURN2]  /home/guagua/test/logs/app.log
[TASK2]  f7c1bd81-ce4c-4997-9019-56b2d7a1e1ff
  [status] <none> -> running
  [status] running -> succeeded
[TEXT2]  [2026-03-26 23:00:01] INFO startup complete\n[2026-03-26 23:04:12] INFO loaded 3 fixture documents\n[2026-03-26 23:06:33] WARN cache miss on demo key\n[2026-03-26 23:07:10] ERROR sample downstream timeout recovered\n[2026-03-26 23:08:55] INFO serving local test traffic

============================================================
[CASE]   4
[NAME]   clarify_deictic_db_tables_again
[CHAT]   1985996994
[TURN1]  查一下那个 sqlite 里有哪些表
[TASK1]  96c0ec09-3a20-4bca-adf5-5dbc06d64bc5
  [status] <none> -> running
  [status] running -> succeeded
[TEXT1]  在 `/home/guagua/test/data/test_contract.sqlite` 中有以下表：\n\n- `accounts`\n- `audit_log`
[TURN2]  /home/guagua/test/data/test_contract.sqlite
[TASK2]  142961d9-225b-438b-8289-e70c50e9994a
  [status] <none> -> running
  [status] running -> succeeded
[TEXT2]  您是想查看 test_contract.sqlite 的表数据，还是文件的属性信息？

============================================================
[CASE]   5
[NAME]   clarify_deictic_archive_unpack_again
[CHAT]   1985996995
[TURN1]  把那个压缩包解压到 /home/guagua/test/tmp/dynamic_guard_unpack_case 然后告诉我结果
[TASK1]  2b7cceb0-8c0d-4d58-abdc-ae6e11be946f
  [status] <none> -> running
  [status] running -> failed
[TEXT1]  step 1 failed (skill(archive_basic)): archive command failed: exit=1\nArchive:  /home/guagua/test/tmp/test_bundle.zip\n\nreplace /home/guagua/test/tmp/dynamic_guard_unpack_case/file_one.txt? [y]es, [n]o, [A]ll, [N]one, [r]ename:  NULL\n(EOF or read error, treating as "[N]one" ...)
[TURN2]  /home/guagua/test/tmp/test_bundle.zip
[TASK2]  ba230687-e9a3-4d6b-925a-d9d847b735ad
  [status] <none> -> running
  [status] running -> succeeded
[TEXT2]  请问您想对这个压缩包执行什么操作？

============================================================
[CASE]   6
[NAME]   clarify_deictic_dir_count_again
[CHAT]   1985996996
[TURN1]  数一下那个目录里有多少个直接子项，只输出数字
[TASK1]  4748e5a2-7b19-4136-b807-8f8edb5e7e21
  [status] <none> -> running
  [status] running -> succeeded
[TEXT1]  2
[TURN2]  /home/guagua/test/docs
[TASK2]  3440e6b8-e913-4575-99be-5da818796ab5
  [status] <none> -> queued
  [status] queued -> running
  [status] running -> succeeded
[TEXT2]  /home/guagua/test/docs 目录的内容：\n\n- guide.txt\n- notes.txt\n- service_notes.md

Artifacts:
  - scripts/nl_suite_logs/dynamic_guard_clarify/20260327_074432
  - scripts/nl_suite_logs/dynamic_guard_clarify/20260327_074432/run.log
  - scripts/nl_suite_logs/dynamic_guard_clarify/20260327_074432/summary.jsonl
