NL suite: clarify
  run_dir:   scripts/nl_suite_logs/clarify_hard/20260327_020056
  run_log:   scripts/nl_suite_logs/clarify_hard/20260327_020056/run.log
  case_file: scripts/nl_cases_clarify_hard_20260326.txt
  base_url:  http://127.0.0.1:8787
  user_id:   1985996990
  chat_id:   1985996990

============================================================
[CASE]   1
[NAME]   clarify_which_readme
[CHAT]   1985996991
[TURN1]  读一下那个 README 开头并用一句话总结
[TASK1]  265ce623-6670-4229-966a-d5a2ac8a52aa
  [status] <none> -> running
  [status] running -> succeeded
[TEXT1]  该 README 介绍了系统的 NL（自然语言）功能，解释了如何通过开关启用/禁用它，列出了可用的命令（/test、/run、/debug），并提供了启动测试系统的说明。
[TURN2]  /home/guagua/test/README.md
[TASK2]  d02a2c11-f799-420a-ab0c-ac3329091f62
  [status] <none> -> running
  [status] running -> succeeded
[TEXT2]  文件 /home/guagua/test/README.md 的读取操作已成功完成，文件类型为普通文件，内容状态为可用（content_available）。

============================================================
[CASE]   2
[NAME]   clarify_which_config_file
[CHAT]   1985996992
[TURN1]  把那个配置文件发给我
[TASK1]  f754a5ec-2301-4db7-a25b-e430aabd0915
  [status] <none> -> running
  [status] running -> succeeded
[TEXT1]  ```\n# App Config\n\n[server]\nhost = "0.0.0.0"\nport = 8080\ndebug = true\n\n[database]\nurl = "postgresql://localhost:5432/appdb"\nmax_connections = 100\ntimeout_seconds = 30\n\n[cache]\nenabled = true\nttl_seconds = 3600\nmax_size_mb = 512\n\n[logging]\nlevel = "info"\noutput = "/var/log/app.log"\nmax_file_size_mb = 100\nrotate_count = 5\n\n[security]\nsecret_key = "your-secret-key-here"\njwt_expiry_hours = 24\nbcrypt_rounds = 12\n\n[features]\nenable_metrics = true\nenable_tracing = false\nrate_limit_per_minute = 1000\n```
[TURN2]  /home/guagua/test/configs/app_config.toml
[TASK2]  f721dec5-6e4f-4ea1-a8a6-24eb2380ed87
  [status] <none> -> running
  [status] running -> succeeded
[TEXT2]  文件 `/home/guagua/test/configs/app_config.toml` 的内容：\n\n```toml\n[general]\napp_name = "rustclaw-test-fixture"\nmode = "nl-regression"\nowner = "guagua"\n\n[paths]\ndocs = "/home/guagua/test/docs"\nlogs = "/home/guagua/test/logs"\ndata = "/home/guagua/test/data"\n```

============================================================
[CASE]   3
[NAME]   clarify_which_log_tail
[CHAT]   1985996993
[TURN1]  帮我看一下那个日志最近 20 行
[TASK1]  b046e6e3-833b-49a7-a0bc-103e6248977c
  [status] <none> -> running
  [status] running -> succeeded
[TEXT1]  ```bash\ntail -n 20 /home/guagua/test/logs/app.log\n```
[TURN2]  /home/guagua/test/logs/app.log
[TASK2]  770ae823-e6ac-4def-8a36-37b37b3f012b
  [status] <none> -> running
  [status] running -> succeeded
[TEXT2]  ```\n[2026-03-26 23:00:01] INFO startup complete\n[2026-03-26 23:04:12] INFO loaded 3 fixture documents\n[2026-03-26 23:06:33] WARN cache miss on demo key\n[2026-03-26 23:07:10] ERROR sample downstream timeout recovered\n[2026-03-26 23:08:55] INFO serving local test traffic\n```

============================================================
[CASE]   4
[NAME]   clarify_which_db
[CHAT]   1985996994
[TURN1]  查一下那个 sqlite 里有哪些表
[TASK1]  2bb5992b-b8fb-4bab-b5fc-05aa3916b7f4
  [status] <none> -> running
  [status] running -> succeeded
[TEXT1]  ```json\n{\n  "tool": "bash",\n  "args": {\n    "command": "sqlite3 /home/guagua/test/data/test_contract.sqlite \".tables\"",\n    "Purpose": "List all tables in the SQLite database"\n  }\n}\n```
[TURN2]  /home/guagua/test/data/test_contract.sqlite
[TASK2]  8940bfe5-1774-48db-a854-a58c2b76baa3
  [status] <none> -> running
  [status] running -> succeeded
[TEXT2]  **test_contract.sqlite 的 Schema 结构：**\n\n```sql\nCREATE TABLE accounts (\n    id INTEGER PRIMARY KEY,\n    name TEXT\n)\n\nCREATE TABLE audit_log (\n    id INTEGER PRIMARY KEY,\n    event TEXT\n)\n```\n\n**表汇总：**\n| 表名 | 字段 |\n|------|------|\n| accounts | id (INTEGER PK), name (TEXT) |\n| audit_log | id (INTEGER PK), event (TEXT) |

============================================================
[CASE]   5
[NAME]   clarify_which_archive_unpack
[CHAT]   1985996995
[TURN1]  把那个压缩包解压到 /home/guagua/test/tmp/clarify_unpack_case 然后告诉我结果
[TASK1]  f02cd756-4f7d-4f3d-a291-4e3fc26e8a2d
  [status] <none> -> queued
  [status] queued -> running
  [status] running -> failed
[TEXT1]  step 2 failed (skill(archive_basic)): archive command failed: exit=1\nArchive:  /home/guagua/test/tmp/test_bundle.zip\n\nreplace /home/guagua/test/tmp/clarify_unpack_case/file_one.txt? [y]es, [n]o, [A]ll, [N]one, [r]ename:  NULL\n(EOF or read error, treating as "[N]one" ...). Remaining steps are interrupted. 你可以回复“继续”来执行剩余步骤。
[TURN2]  /home/guagua/test/tmp/test_bundle.zip
[TASK2]  6ded548c-e46b-47e8-a6f2-455b3a3f6a12
  [status] <none> -> running
