NL multi-turn suite: clarify
  run_dir:    /home/guagua/git_upload/scripts/nl_suite_logs/dynamic_guard_clarify/20260328_010953
  run_log:    /home/guagua/git_upload/scripts/nl_suite_logs/dynamic_guard_clarify/20260328_010953/run.log
  case_file:  /home/guagua/git_upload/scripts/nl_tests/cases/nl_cases_dynamic_guard_clarify_20260327.txt
  turn_count: 2
  base_url:   http://127.0.0.1:8787
  user_id:    1985996990
  chat_id:    17746298951

============================================================
[CASE]   1
[NAME]   clarify_deictic_readme_again
[CHAT]   17746298952
[TURN1]  读一下那个 README 开头并用一句话总结
[TASK1]  2c033601-1428-4ce7-97b6-28c5cbfff1b6
  [status] <none> -> running
  [status] running -> succeeded
[TEXT1]  请提供您想读取的 README 文件的路径。
[TURN2]  /home/guagua/test/README.md
[TASK2]  50775b13-e131-4c5a-ace7-da84a0d3a4e5
  [status] <none> -> running
  [status] running -> succeeded
[TEXT2]  未找到 /home/guagua/test/README.

============================================================
[CASE]   2
[NAME]   clarify_deictic_config_send_again
[CHAT]   17746298953
[TURN1]  把那个配置文件发给我
[TASK1]  800259c3-e1da-40cb-a64c-291d86875124
  [status] <none> -> queued
  [status] queued -> running
  [status] running -> succeeded
[TEXT1]  File not found.
[TURN2]  /home/guagua/test/configs/app_config.toml
[TASK2]  f6f7465e-1d94-410a-8110-70e962c892fc
  [status] <none> -> running
  [status] running -> succeeded
[TEXT2]  FILE:/home/guagua/test/configs/app_config.toml

============================================================
[CASE]   3
[NAME]   clarify_deictic_log_tail_again
[CHAT]   17746298954
[TURN1]  看下那个日志最近 20 行
[TASK1]  0558c1c3-662e-4a81-aa95-7f6f105d9512
  [status] <none> -> running
  [status] running -> succeeded
[TEXT1]  请提供需要查看的日志文件路径或文件名。
[TURN2]  /home/guagua/test/logs/app.log
[TASK2]  5c8b491f-e907-4858-aa33-eef25bb3909b
  [status] <none> -> running
  [status] running -> succeeded
[TEXT2]  我无法直接访问文件系统来读取 `/home/guagua/test/logs/app.log`。如果您需要查看该文件的内容，请提供文件路径或运行相应的命令来获取输出。

============================================================
[CASE]   4
[NAME]   clarify_deictic_db_tables_again
[CHAT]   17746298955
[TURN1]  查一下那个 sqlite 里有哪些表
[TASK1]  65221d24-fffc-4413-9e95-d2d22b4be13e
  [status] <none> -> queued
  [status] queued -> running
  [status] running -> succeeded
[TEXT1]  请问要查询的 SQLite 数据库文件路径是什么？
[TURN2]  /home/guagua/test/data/test_contract.sqlite
[TASK2]  cb72015e-4e00-4728-8000-fded9644c564
  [status] <none> -> running
