NL multi-turn suite: context_chain
  run_dir:    /home/guagua/git_upload/scripts/nl_suite_logs/dynamic_guard_context_focus_case1_only/20260328_170953
  run_log:    /home/guagua/git_upload/scripts/nl_suite_logs/dynamic_guard_context_focus_case1_only/20260328_170953/run.log
  case_file:  /home/guagua/git_upload/scripts/nl_tests/cases/nl_cases_dynamic_guard_context_case1_only_20260328.txt
  turn_count: 3
  base_url:   http://127.0.0.1:8787
  user_id:    1985996990
  chat_id:    1985996990

============================================================
[CASE]   1
[NAME]   context_colloquial_cn_send_config_alias
[CHAT]   1985996991
[TURN1]  先记一下，“那份配置”就是 /home/guagua/test/configs/app_config.toml
[TASK1]  5c21feba-52c2-4dbc-bf3e-5a545284bb5e
  [status] <none> -> queued
  [status] queued -> running
  [status] running -> succeeded
[TEXT1]  已记住：`那份配置` = /home/guagua/test/configs/app_config.toml
[TURN2]  那份配置直接发我，别贴正文
[TASK2]  db31c07e-caa2-45c2-9262-216a23febf7c
  [status] <none> -> running
  [status] running -> succeeded
[TEXT2]  FILE:/home/guagua/test/configs/app_config.toml
[TURN3]  再一句话说主要用途
[TASK3]  716453bb-942a-44a0-8301-d76dd0f61c5c
  [status] <none> -> running
  [status] running -> succeeded
[TEXT3]  This configuration file defines settings for a Rust-based natural language regression test fixture, specifying the application name, test mode, owner, and path directories for documentation, logs, and data storage.

Artifacts:
  - /home/guagua/git_upload/scripts/nl_suite_logs/dynamic_guard_context_focus_case1_only/20260328_170953
  - /home/guagua/git_upload/scripts/nl_suite_logs/dynamic_guard_context_focus_case1_only/20260328_170953/run.log
  - /home/guagua/git_upload/scripts/nl_suite_logs/dynamic_guard_context_focus_case1_only/20260328_170953/summary.jsonl
