NL multi-turn suite: context_chain
  run_dir:    /home/guagua/git_upload/scripts/nl_suite_logs/dynamic_guard_context_focus_failed/20260328_171436
  run_log:    /home/guagua/git_upload/scripts/nl_suite_logs/dynamic_guard_context_focus_failed/20260328_171436/run.log
  case_file:  /home/guagua/git_upload/scripts/nl_tests/cases/nl_cases_dynamic_guard_context_failed_focus_20260328.txt
  turn_count: 3
  base_url:   http://127.0.0.1:8787
  user_id:    1985996990
  chat_id:    1985996990

============================================================
[CASE]   1
[NAME]   context_colloquial_cn_send_config_alias
[CHAT]   1985996991
[TURN1]  先记一下，“那份配置”就是 /home/guagua/test/configs/app_config.toml
[TASK1]  20514a27-2c49-46db-acff-5a0a78207177
  [status] <none> -> running
  [status] running -> succeeded
[TEXT1]  已记住。`那份配置` = /home/guagua/test/configs/app_config.toml
[TURN2]  那份配置直接发我，别贴正文
[TASK2]  bfcf27cb-408c-48d2-987b-6180d5525ea5
  [status] <none> -> running
  [status] running -> succeeded
[TEXT2]  FILE:/home/guagua/test/configs/app_config.toml
[TURN3]  再一句话说主要用途
[TASK3]  eb4b1dcf-aebb-47c1-adf3-d6ffbb200aec
  [status] <none> -> running
  [status] running -> succeeded
[TEXT3]  该配置文件定义了 `rustclaw-test-fixture` 应用的基本运行参数、所属者为 `guagua`，并配置了文档、日志和数据存储的路径。

============================================================
[CASE]   2
[NAME]   context_ultra_cn_readme_alias
[CHAT]   1985996992
[TURN1]  记住哈，“那玩意README”就是 /home/guagua/test/README.md
[TASK1]  2475f59b-3e02-41d9-979c-dbeacd03486e
  [status] <none> -> running
  [status] running -> succeeded
[TEXT1]  好的，你想要我把这个对应关系保存下来吗？
[TURN2]  那玩意开头给我看两眼
[TASK2]  9c628ea7-51ba-4d60-bd0b-f9608359f056
  [status] <none> -> running
  [status] running -> succeeded
[TEXT2]  This directory is reserved for NL regression test artifacts and wrapper scripts.
[TURN3]  最后一句话讲重点
[TASK3]  deea22ca-57b4-4f5c-a618-9be6c4ec0182
  [status] <none> -> running
  [status] running -> succeeded
[TEXT3]  保留目录，用于NL回归测试产物和包装脚本。

============================================================
[CASE]   3
[NAME]   context_ultra_mixed_docs_alias
[CHAT]   1985996993
[TURN1]  先记住，that folder 是 /home/guagua/test/docs
[TASK1]  cd21e291-e38c-4380-a003-e16c46f30c7c
  [status] <none> -> running
  [status] running -> succeeded
[TEXT1]  已记住。that folder = `/home/guagua/test/docs`。
[TURN2]  that folder names only
[TASK2]  979ad395-07d0-41f7-a577-c9711dc23776
  [status] <none> -> running
