Natural-language manual regression
  case_file:     /tmp/rustclaw-workspace/scripts/nl_tests/cases/nl_cases_manual.txt
  run_dir:       /tmp/rustclaw-workspace/scripts/nl_suite_logs/manual/20260403_172234
  run_log:       /tmp/rustclaw-workspace/scripts/nl_suite_logs/manual/20260403_172234/run.log
  summary_jsonl: /tmp/rustclaw-workspace/scripts/nl_suite_logs/manual/20260403_172234/summary.jsonl
  base_url:      http://127.0.0.1:8787
  user_id:       1985996990
  chat_id:       1985996990
  user_key:      <set>
  wait:          240s
  poll:          1s
  retry_logic:   disabled (log only)


============================================================
[CASE]        1
[SOURCE_LINE] 6
[NAME]        chat_weather_joke
[CHAT]        1985996991
[PROMPT]      今天天气先别查，给我讲一个简短冷笑话
[TASK]        8b8df726-2319-4aba-af86-579f31314d8e
  [status] <none> -> queued
  [status] queued -> running
  [status] running -> succeeded
[RESULT]
  [final] status=succeeded
  [text] 问：为什么程序员分不清万圣节和圣诞节？ 答：因为 Oct 31 = Dec 25。

============================================================
[CASE]        2
[SOURCE_LINE] 7
[NAME]        act_pwd_only
[CHAT]        1985996992
[PROMPT]      只输出当前工作目录的绝对路径，不要解释
[TASK]        8506f26c-4a9f-4f1d-aa05-69aa4b7ce4ac
  [status] <none> -> running
  [status] running -> succeeded
[RESULT]
  [final] status=succeeded
  [text] /tmp/rustclaw-workspace

============================================================
[CASE]        3
[SOURCE_LINE] 8
[NAME]        act_list_top_dirs
[CHAT]        1985996993
[PROMPT]      把当前仓库顶层目录和文件列出来，简单分组就行
[TASK]        cdfa579e-6e74-4b3b-b123-bc8433c727e4
  [status] <none> -> queued
  [status] queued -> running
  [status] running -> succeeded
[RESULT]
  [final] status=succeeded
  [text] 当前仓库 /tmp/rustclaw-workspace 顶层目录和文件分组如下： **目录** - `.cargo/` （Rust 项目配置） - `.git/` （Git 版本控制） - `.pids/` （运行时 PID 文件） - `.vscode/` （VS Code 配置） **文件** - `.dockerignore` - `.env.example` - `.gitignore` - `AGENTS.md` - `Ca...(truncated)

============================================================
[CASE]        4
[SOURCE_LINE] 9
[NAME]        act_hidden_files
[CHAT]        1985996994
[PROMPT]      看一下当前目录有没有隐藏文件，只回答有或没有，并补 3 个例子
[TASK]        a4b14211-92cf-45a2-8384-91152c52c4a8
  [status] <none> -> running
  [status] running -> succeeded
[RESULT]
  [final] status=succeeded
  [text] 请问您希望我在目录 /tmp/rustclaw-workspace 上执行隐藏文件检查吗？

============================================================
[CASE]        5
[SOURCE_LINE] 10
[NAME]        act_read_readme_head
[CHAT]        1985996995
[PROMPT]      扫一眼 README 前 20 行，再提炼成 3 句话
[TASK]        500e7372-c1e6-4d79-91da-1af1a70764ca
  [status] <none> -> running
  [status] running -> succeeded
[RESULT]
  [final] status=succeeded
  [text] README 文件未找到，请提供完整路径。

============================================================
[CASE]        6
[SOURCE_LINE] 11
[NAME]        chat_act_compare_sizes
[CHAT]        1985996996
[PROMPT]      比较 Cargo.toml 和 Cargo.lock 哪个更大，顺手用一句通俗话解释原因
[TASK]        be8d67c4-16b5-4a0c-aca0-4663b4846d35
  [status] <none> -> running
  [status] running -> succeeded
[RESULT]
  [final] status=succeeded
  [text] 未找到 Cargo.toml 和 Cargo.lock，请提供它们的完整路径。

============================================================
[CASE]        7
[SOURCE_LINE] 12
[NAME]        missing_file_graceful
[CHAT]        1985996997
[PROMPT]      把 definitely_missing_named_file_rustclaw_001.txt 发给我
[TASK]        9b689d9e-e282-4738-9443-db86806fe2fa
  [status] <none> -> running
  [status] running -> succeeded
[RESULT]
  [final] status=succeeded
  [text] FILE:/tmp/rustclaw-workspace/rustclaw

============================================================
[CASE]        8
[SOURCE_LINE] 13
[NAME]        write_and_deliver_hello
[CHAT]        1985996998
[PROMPT]      写一个 hello world shell 脚本，保存成 document/hello_from_manual_test.sh，然后把文件发给我
[TASK]        3284255d-9e30-4e53-8adc-afa8369bb172
  [status] <none> -> running
