NL multi-turn suite: clarify
  run_dir:    /tmp/rustclaw-workspace/scripts/nl_suite_logs/clarify/20260404_210040
  run_log:    /tmp/rustclaw-workspace/scripts/nl_suite_logs/clarify/20260404_210040/run.log
  case_file:  /tmp/rustclaw-workspace/scripts/nl_tests/cases/nl_cases_clarify.txt
  turn_count: 2
  base_url:   http://127.0.0.1:8787
  user_id:    1985996990
  chat_id:    1985996990

============================================================
[CASE]   1
[NAME]   clarify_send_file_by_name
[CHAT]   1985996991
[TURN1]  把文件发给我
[TASK1]  c6138a16-153d-4c41-82fb-d867120fb1dc
  [status] <none> -> running
  [status] running -> succeeded
[TEXT1]  我没找到这个文件，请给我完整路径，例如 `/tmp/rustclaw-workspace/README.md`。
[TURN2]  README.md
[TASK2]  b6c73ca3-b3b4-4506-af9c-f7f267fbc257
  [status] <none> -> queued
  [status] queued -> running
  [status] running -> succeeded
[TEXT2]  FILE:/tmp/rustclaw-workspace/README.md

============================================================
[CASE]   2
[NAME]   clarify_send_file_by_path
[CHAT]   1985996992
[TURN1]  把那个配置文件发给我
[TASK1]  2bb3fba4-fa5f-4771-8666-150e972a7ab6
  [status] <none> -> running
  [status] running -> succeeded
[TEXT1]  FILE:/tmp/rustclaw-workspace/configs/config.toml
[TURN2]  configs/config.toml
[TASK2]  5ae62646-18c4-4356-8772-2ee405c1c92e
  [status] <none> -> queued
  [status] queued -> running
  [status] running -> succeeded
[TEXT2]  FILE:/tmp/rustclaw-workspace/configs/config.toml

============================================================
[CASE]   3
[NAME]   clarify_read_scalar_from_which_file
[CHAT]   1985996993
[TURN1]  读一下那个文件里的名字字段，只输出值
[TASK1]  177e4341-f7c9-4db8-a271-848e12363457
  [status] <none> -> queued
  [status] queued -> running
  [status] running -> succeeded
[TEXT1]  你是指哪个文件？最近提到的是 README.md，前面列出的文件还有 configs/ 等目录。
[TURN2]  package.json
[TASK2]  06e3c575-08b1-40d9-99de-00b7ebd02d0e
  [status] <none> -> queued
  [status] queued -> running
  [status] running -> succeeded
[TEXT2]  我没找到这个文件，请给我完整路径。

============================================================
[CASE]   4
[NAME]   clarify_count_which_dir
[CHAT]   1985996994
[TURN1]  数一下那个目录里有多少个直接子项，只输出数字
[TASK1]  148e5caf-6abf-4ed6-9a31-a1fcfc3cd13d
  [status] <none> -> running
  [status] running -> succeeded
[TEXT1]  76
[TURN2]  scripts
[TASK2]  b1490cfa-cfc5-4d0f-b749-25e0a38f521a
  [status] <none> -> queued
  [status] queued -> running
  [status] running -> succeeded
[TEXT2]  请确认您是指 /tmp/rustclaw-workspace/scripts 目录吗？

============================================================
[CASE]   5
[NAME]   clarify_list_which_dir
[CHAT]   1985996995
[TURN1]  看看那个目录下面都有什么
[TASK1]  ff36db1b-dc5c-4d02-9df3-c3505119efb5
  [status] <none> -> queued
  [status] queued -> running
  [status] running -> succeeded
[TEXT1]  /tmp/rustclaw-workspace/.dockerignore\n/tmp/rustclaw-workspace/.env.example\n/tmp/rustclaw-workspace/.gitignore\n/tmp/rustclaw-workspace/AGENTS.md\n/tmp/rustclaw-workspace/Cargo.lock\n/tmp/rustclaw-workspace/Cargo.toml\n/tmp/rustclaw-workspace/LICENSE\n/tmp/rustclaw-workspace/LICENSE.zh-CN.md\n/tmp/rustclaw-workspace/README.md\n/tmp/rustclaw-workspace/README.zh-CN.md\n/tmp/rustclaw-workspace/README_cn.md\n/tmp/rustclaw-workspace/RUSTCLAW_SERVICE_README.md\n/tmp/rustclaw-workspace/RustClaw.png\n/tmp/rustclaw-workspace/RustClaw480X320.png\n/tmp/rustclaw-workspace/USAGE.md\n/tmp/rustclaw-workspace/build-all.sh\n/tmp/rustclaw-workspace/build-ui-nginx.sh\n/tmp/rustclaw-workspace/check-logs.sh\n/tmp/rustclaw-workspace/cross-build-upload-cloud.sh\n/tmp/rustclaw-workspace/cross-build-upload.sh\n/tmp/rustclaw-workspace/docker-compose.yml\n/tmp/rustclaw-workspace/failed-routing-cases.md\n/tmp/rustclaw-workspace/git-add-exclude.sh\n/tmp/rustclaw-workspace/install-rustclaw-cmd.sh\n/tmp/rustclaw-workspace/local-cross-build-upload-pi.sh\n/tmp/rustclaw-workspace/longxia.png\n/tmp/rustclaw-workspace/memory-usage-plan.md\n/tmp/rustclaw-workspace/pack-to-parent.sh\n/tmp/rustclaw-workspace/package-lock.json\n/tmp/rustclaw-workspace/package-release.sh\n/tmp/rustclaw-workspace/package.json\n/tmp/rustclaw-workspace/path_note.txt\n/tmp/rustclaw-workspace/push-sanitized-configs.sh\n/tmp/rustclaw-workspace/pwd_report.txt\n/tmp/rustclaw-workspace/rustclaw\n/tmp/rustclaw-workspace/rustclaw.service\n/tmp/rustclaw-workspace/setup-config.sh\n/tmp/rustclaw-workspace/simulate-telegramd.sh\n/tmp/rustclaw-workspace/start-all-bin.sh\n/tmp/rustclaw-workspace/start-all.sh\n/tmp/rustclaw-workspace/start-clawd-ui.sh\n/tmp/rustclaw-workspace/start-clawd.sh\n/tmp/rustclaw-workspace/start-feishud.sh\n/tmp/rustclaw-workspace/start-future-adapters.sh\n/tmp/rustclaw-workspace/start-larkd.sh\n/tmp/rustclaw-workspace/start-telegramd.sh\n/tmp/rustclaw-workspace/start-wa-web-bridge.sh\n/tmp/rustclaw-workspace/start-wechatd.sh\n/tmp/rustclaw-workspace/start-whatsapp-webd.sh\n/tmp/rustclaw-workspace/start-whatsappd.sh\n/tmp/rustclaw-workspace/stop-rustclaw.sh\n/tmp/rustclaw-workspace/system_report.sh\n/tmp/rustclaw-workspace/test_contract.sqlite\n/tmp/rustclaw-workspace/uninstall-rustclaw-cmd.sh
[TURN2]  document
[TASK2]  a1c43b0f-cea5-40e2-8ea0-e0f4c107d8ea
  [status] <none> -> queued
  [status] queued -> running
  [status] running -> succeeded
[TEXT2]  根据 README 前 20 行内容，提炼要点如下：\n\n1. RustClaw 是一个基于 Rust 的本地化智能体运行时，支持通过 Telegram、WhatsApp、飞书/Lark 及浏览器 UI 进行日常操作。\n2. 它整合了任务路由、工具执行、记忆管理、定时调度、多模态技能，以及基于 `user_key` 的身份认证与权限管理。\n3. 用户可通过多渠道与智能体对话、调用内置技能（如文件、HTTP、加密、图片等），并利用本地 UI 进行监控和管理。

============================================================
[CASE]   6
[NAME]   clarify_find_which_script
[CHAT]   1985996996
[TURN1]  看看那个重启脚本在不在
[TASK1]  96f77629-0c5a-476c-8b7d-1d1f1031e7b7
  [status] <none> -> running
  [status] running -> succeeded
[TEXT1]  请提供那个重启脚本的完整路径。
[TURN2]  restart_clawd_latest.sh
[TASK2]  02c8c925-c010-4c08-a975-ed825dd34c32
  [status] <none> -> queued
  [status] queued -> running
  [status] running -> succeeded
[TEXT2]  NOT_FOUND

============================================================
[CASE]   7
[NAME]   clarify_read_which_doc
[CHAT]   1985996997
[TURN1]  读一下那个说明文档开头，然后用一句话总结
[TASK1]  e9c51134-fa17-4b15-bd88-df65b0a77621
  [status] <none> -> queued
  [status] queued -> running
  [status] running -> succeeded
[TEXT1]  我没找到"那个说明文档"，请提供完整的文件路径。
[TURN2]  README.md
[TASK2]  98544a62-3628-44b4-ab6b-acd466bbf853
  [status] <none> -> queued
  [status] queued -> running
  [status] running -> succeeded
[TEXT2]  FILE:/tmp/rustclaw-workspace/README.md

============================================================
[CASE]   8
[NAME]   clarify_missing_file_after_target
[CHAT]   1985996998
[TURN1]  把那个文件发给我
[TASK1]  e077b23c-1f2d-4268-8767-3f0a9f59b92b
  [status] <none> -> queued
  [status] queued -> running
  [status] running -> succeeded
[TEXT1]  FILE:/tmp/rustclaw-workspace/document/hello_from_manual_test.sh
[TURN2]  document/definitely_missing_clarify_case_001.txt
[TASK2]  e8995c58-f9e0-4716-a956-494895460923
  [status] <none> -> queued
  [status] queued -> running
  [status] running -> succeeded
[TEXT2]  在系统根目录和项目根目录都没有找到该文件

============================================================
[CASE]   9
[NAME]   clarify_check_which_service
[CHAT]   1985996999
[TURN1]  看看那个服务现在是不是在运行
[TASK1]  00637502-03ff-4f4c-b37e-0f474d64ebd7
  [status] <none> -> queued
  [status] queued -> running
  [status] running -> succeeded
[TEXT1]  请告诉我你要检查的是哪个服务？
[TURN2]  telegramd
[TASK2]  5db8349f-3ff1-44b1-bf1e-004b8201daf2
  [status] <none> -> queued
  [status] queued -> running
poll timeout for task_id=5db8349f-3ff1-44b1-bf1e-004b8201daf2
