Natural-language manual regression
  case_file:     /tmp/rustclaw-workspace/scripts/nl_tests/cases/nl_cases_manual.txt
  run_dir:       /tmp/rustclaw-workspace/scripts/nl_suite_logs/manual/20260403_030115
  run_log:       /tmp/rustclaw-workspace/scripts/nl_suite_logs/manual/20260403_030115/run.log
  summary_jsonl: /tmp/rustclaw-workspace/scripts/nl_suite_logs/manual/20260403_030115/summary.jsonl
  base_url:      http://127.0.0.1:8787
  user_id:       1985996990
  chat_id:       1985996990
  user_key:      <set>
  wait:          240s
  poll:          1s
  retry_logic:   disabled (log only)


============================================================
[CASE]        1
[SOURCE_LINE] 6
[NAME]        chat_weather_joke
[CHAT]        1985996991
[PROMPT]      今天天气先别查，给我讲一个简短冷笑话
[TASK]        49a6e154-3114-46c1-8ab7-2ec095f3d3e1
  [status] <none> -> queued
  [status] queued -> running
  [status] running -> succeeded
[RESULT]
  [final] status=succeeded
  [text] 为什么海水是咸的？因为鱼每天都哭着说“咸”啊！

============================================================
[CASE]        2
[SOURCE_LINE] 7
[NAME]        act_pwd_only
[CHAT]        1985996992
[PROMPT]      只输出当前工作目录的绝对路径，不要解释
[TASK]        186b9a86-4225-421e-9709-4be42e99647e
  [status] <none> -> running
  [status] running -> succeeded
[RESULT]
  [final] status=succeeded
  [text] /tmp/rustclaw-workspace

============================================================
[CASE]        3
[SOURCE_LINE] 8
[NAME]        act_list_top_dirs
[CHAT]        1985996993
[PROMPT]      把当前仓库顶层目录和文件列出来，简单分组就行
[TASK]        0d81b6a7-4e24-4c4e-a84b-08e5702f9753
  [status] <none> -> running
  [status] running -> succeeded
[RESULT]
  [final] status=succeeded
  [text] **目录 (Directories):** - crates/ **文件 (Files):** - .pre-commit-config.yaml - .rustfmt.toml - Cargo.toml - CHANGELOG.md - .gitignore - README.md - rust-toolchain.toml

============================================================
[CASE]        4
[SOURCE_LINE] 9
[NAME]        act_hidden_files
[CHAT]        1985996994
[PROMPT]      看一下当前目录有没有隐藏文件，只回答有或没有，并补 3 个例子
[TASK]        1b790e32-6b36-4706-9f08-386f47c672b1
  [status] <none> -> running
  [status] running -> succeeded
[RESULT]
  [final] status=succeeded
  [text] 您想检查 `/tmp/rustclaw-workspace/UI` 还是 `/tmp/rustclaw-workspace/data/kb`？

============================================================
[CASE]        5
[SOURCE_LINE] 10
[NAME]        act_read_readme_head
[CHAT]        1985996995
[PROMPT]      扫一眼 README 前 20 行，再提炼成 3 句话
[TASK]        28e39457-1577-4fcb-ab42-e1cdd5394f5a
  [status] <none> -> running
