Natural-language manual regression
  case_file:     /home/guagua/git_upload/scripts/nl_tests/cases/nl_cases_dynamic_guard_manual_20260327.txt
  run_dir:       /home/guagua/git_upload/scripts/nl_suite_logs/dynamic_guard_manual/20260328_083031
  run_log:       /home/guagua/git_upload/scripts/nl_suite_logs/dynamic_guard_manual/20260328_083031/run.log
  summary_jsonl: /home/guagua/git_upload/scripts/nl_suite_logs/dynamic_guard_manual/20260328_083031/summary.jsonl
  base_url:      http://127.0.0.1:8787
  user_id:       1985996990
  chat_id:       17746578411
  user_key:      <set>
  wait:          240s
  poll:          1s
  retry_logic:   disabled (log only)


============================================================
[CASE]        1
[SOURCE_LINE] 4
[NAME]        explicit_path_readme_summary
[CHAT]        17746578412
[PROMPT]      读一下 /home/guagua/test/README.md 开头并用一句话总结
[TASK]        4e2cb93d-e992-4cca-87de-b67d6be74661
  [status] <none> -> running
  [status] running -> succeeded
[RESULT]
  [final] status=succeeded
  [text] 这是一个用于NL回归测试工件和包装脚本的测试工作区目录，说明runner输入和日志可以存放在此，而被测试的clawd运行时仍使用自己配置的工作区根目录。

============================================================
[CASE]        2
[SOURCE_LINE] 5
[NAME]        explicit_path_readme_send
[CHAT]        17746578413
[PROMPT]      把 /home/guagua/test/README.md 发给我
[TASK]        50477c13-2baf-4fdc-996e-5627454d4de2
  [status] <none> -> running
  [status] running -> succeeded
[RESULT]
  [final] status=succeeded
  [text] FILE:/home/guagua/test/README.md

============================================================
[CASE]        3
[SOURCE_LINE] 6
[NAME]        explicit_config_send
[CHAT]        17746578414
[PROMPT]      把 /home/guagua/test/configs/app_config.toml 发给我
[TASK]        3118a53a-a11c-4dee-aae4-cb3235c62271
  [status] <none> -> running
  [status] running -> succeeded
[RESULT]
  [final] status=succeeded
  [text] FILE:/home/guagua/test/configs/app_config.toml

============================================================
[CASE]        4
[SOURCE_LINE] 7
[NAME]        explicit_log_tail
[CHAT]        17746578415
[PROMPT]      看下 /home/guagua/test/logs/app.log 最近 10 行
[TASK]        ab96d01b-34ed-4bb7-90bb-1ddf41165851
  [status] <none> -> running
  [status] running -> succeeded
[RESULT]
  [final] status=succeeded
  [text] [2026-03-26 23:00:01] INFO startup complete [2026-03-26 23:04:12] INFO loaded 3 fixture documents [2026-03-26 23:06:33] WARN cache miss on demo key [2026-03-26 23:07:10] ERROR sample downstream timeout recovered [2026-03...(truncated)

============================================================
[CASE]        5
[SOURCE_LINE] 8
[NAME]        explicit_db_tables
[CHAT]        17746578416
[PROMPT]      查一下 /home/guagua/test/data/test_contract.sqlite 里有哪些表
[TASK]        8851a541-1b1d-4148-a76f-519c824f8d71
  [status] <none> -> running
  [status] running -> succeeded
[RESULT]
  [final] status=succeeded
  [text] test_contract.sqlite 数据库中有 2 个表：accounts、audit_log

============================================================
[CASE]        6
[SOURCE_LINE] 9
[NAME]        explicit_archive_unpack
[CHAT]        17746578417
[PROMPT]      把 /home/guagua/test/tmp/test_bundle.zip 解压到 /home/guagua/test/tmp/manual_dynamic_guard_unpack 然后告诉我结果
[TASK]        f815a8cf-0f00-45f4-827a-69dd229f6495
  [status] <none> -> running
  [status] running -> succeeded
[RESULT]
  [final] status=succeeded
  [text] Successfully extracted /home/guagua/test/tmp/test_bundle.zip to /home/guagua/test/tmp/manual_dynamic_guard_unpack. Extracted files: file_one.txt, file_two.txt.

============================================================
[CASE]        7
[SOURCE_LINE] 10
[NAME]        current_dir_count_scalar
[CHAT]        17746578418
[PROMPT]      数一下当前目录有多少个直接子项，只输出数字
[TASK]        bc08b56d-1dab-4a81-851a-debeec5e7411
  [status] <none> -> running
  [status] running -> succeeded
[RESULT]
  [final] status=succeeded
  [text] 76

============================================================
[CASE]        8
[SOURCE_LINE] 11
[NAME]        explicit_path_two_part
[CHAT]        17746578419
[PROMPT]      先读 /home/guagua/test/README.md 开头，再用一句话总结
[TASK]        e74f3db4-7b07-4924-b672-ba81541005af
  [status] <none> -> running
  [status] running -> succeeded
[RESULT]
  [final] status=succeeded
  [text] The README introduces the project as a high-performance distributed task scheduling system built in Rust, designed to handle large-scale task orchestration with features like dynamic load balancing, fault tolerance, and ...(truncated)

============================================================
[CASE]        9
[SOURCE_LINE] 12
[NAME]        english_explicit_readme_summary
[CHAT]        17746578420
[PROMPT]      Read the beginning of /home/guagua/test/README.md and summarize it in one sentence.
[TASK]        10be32fb-5d03-404a-ae1d-9312b9dbe4fc
  [status] <none> -> queued
  [status] queued -> running
