Natural-language manual regression
  case_file:     /home/guagua/git_upload/scripts/nl_tests/cases/nl_cases_dynamic_guard_manual_20260327.txt
  run_dir:       /home/guagua/git_upload/scripts/nl_suite_logs/dynamic_guard_manual/20260328_085356
  run_log:       /home/guagua/git_upload/scripts/nl_suite_logs/dynamic_guard_manual/20260328_085356/run.log
  summary_jsonl: /home/guagua/git_upload/scripts/nl_suite_logs/dynamic_guard_manual/20260328_085356/summary.jsonl
  base_url:      http://127.0.0.1:8787
  user_id:       1985996990
  chat_id:       17746592461
  user_key:      <set>
  wait:          240s
  poll:          1s
  retry_logic:   disabled (log only)


============================================================
[CASE]        1
[SOURCE_LINE] 4
[NAME]        explicit_path_readme_summary
[CHAT]        17746592462
[PROMPT]      读一下 /home/guagua/test/README.md 开头并用一句话总结
[TASK]        661a5e57-b144-4744-a876-bf13d5432e3f
  [status] <none> -> running
  [status] running -> succeeded
[RESULT]
  [final] status=succeeded
  [text] 该 README.md 介绍了一个项目的基本信息，包括项目名称、功能特性、快速开始步骤以及相关配置说明。

============================================================
[CASE]        2
[SOURCE_LINE] 5
[NAME]        explicit_path_readme_send
[CHAT]        17746592463
[PROMPT]      把 /home/guagua/test/README.md 发给我
[TASK]        56ecfe08-7e6e-4bc7-83c5-97dfd41cf316
  [status] <none> -> running
