NL multi-turn suite: clarify
  run_dir:    /tmp/rustclaw-workspace/scripts/nl_suite_logs/clarify/20260405_114901
  run_log:    /tmp/rustclaw-workspace/scripts/nl_suite_logs/clarify/20260405_114901/run.log
  case_file:  /tmp/nl_clarify_case_scalar.txt
  turn_count: 2
  base_url:   http://127.0.0.1:8787
  user_id:    1985996990
  chat_id:    1986007000

============================================================
[CASE]   1
[NAME]   clarify_read_scalar_from_which_file
[CHAT]   1986007001
[TURN1]  读一下那个文件里的名字字段，只输出值
[TASK1]  f4959a30-9c8e-4d42-97ca-a3fd557fd149
  [status] <none> -> queued
  [status] queued -> running
  [status] running -> succeeded
[TEXT1]  请提供文件的完整路径。
[TURN2]  package.json
[TASK2]  002286ac-5d25-4968-9fa6-b3975da84528
  [status] <none> -> queued
  [status] queued -> running
  [status] running -> succeeded
[TEXT2]  name 字段不存在

Artifacts:
  - /tmp/rustclaw-workspace/scripts/nl_suite_logs/clarify/20260405_114901
  - /tmp/rustclaw-workspace/scripts/nl_suite_logs/clarify/20260405_114901/run.log
  - /tmp/rustclaw-workspace/scripts/nl_suite_logs/clarify/20260405_114901/summary.jsonl
