Natural-language manual regression
  case_file:     /tmp/nl_manual_case3_only.txt
  run_dir:       /tmp/rustclaw-workspace/scripts/nl_suite_logs/manual/20260405_113009
  run_log:       /tmp/rustclaw-workspace/scripts/nl_suite_logs/manual/20260405_113009/run.log
  summary_jsonl: /tmp/rustclaw-workspace/scripts/nl_suite_logs/manual/20260405_113009/summary.jsonl
  base_url:      http://127.0.0.1:8787
  user_id:       1985996990
  chat_id:       1986004200
  user_key:      <set>
  wait:          180s
  poll:          1s
  retry_logic:   disabled (log only)


============================================================
[CASE]        1
[SOURCE_LINE] 1
[NAME]        act_log_analyze_brief
[CHAT]        1986004201
[PROMPT]      快速看一下 logs 目录里最近最值得注意的错误或异常，给我一个简短总结
[TASK]        24199f1d-dc23-40a0-ab77-f77eda26322e
  [status] <none> -> queued
  [status] queued -> running
poll timeout for task_id=24199f1d-dc23-40a0-ab77-f77eda26322e
