NL multi-turn suite: context_chain
  run_dir:    scripts/nl_suite_logs/dynamic_guard_context/20260327_134053
  run_log:    scripts/nl_suite_logs/dynamic_guard_context/20260327_134053/run.log
  case_file:  scripts/nl_tests/cases/nl_cases_dynamic_guard_context_20260327.txt
  turn_count: 3
  base_url:   http://127.0.0.1:8787
  user_id:    1985996990
  chat_id:    2990050000

============================================================
[CASE]   1
[NAME]   context_bound_readme_followup_20260327
[CHAT]   2990050001
[TURN1]  先记一下，后面我说“那个 README”就是 /home/guagua/test/README.md
[TASK1]  ce0cebc8-8e61-4f54-aa4a-7a8a6d82dbc7
  [status] <none> -> running
  [status] running -> succeeded
[TEXT1]  已记住。后续对话中“那个 README”指 `/home/guagua/test/README.md`。
[TURN2]  读一下那个 README 开头 5 行
[TASK2]  03517e7f-84e2-4ad8-b0b2-5922e062007a
  [status] <none> -> running
  [status] running -> succeeded
[TEXT2]  ```\n1|# Test Workspace\n2|\n3|This directory is reserved for NL regression test artifacts and wrapper scripts.\n4|\n5|Notes:\n```
[TURN3]  再用一句话总结它
[TASK3]  4b83213d-ac24-4b31-9faf-1d304a6e24bb
  [status] <none> -> queued
  [status] queued -> running
  [status] running -> succeeded
[TEXT3]  这是一个用于存放 NL 回归测试产物和包装脚本的测试工作目录。

============================================================
[CASE]   2
[NAME]   context_bound_log_followup_20260327
[CHAT]   2990050002
[TURN1]  先记一下，“那个日志”指 /home/guagua/test/logs/app.log
[TASK1]  076d423c-a6f9-4337-8023-557723fad7a9
  [status] <none> -> running
  [status] running -> succeeded
[TEXT1]  已记录：在本对话中，“那个日志”指代 `/home/guagua/test/logs/app.log`。
[TURN2]  看一下那个日志最近 20 行
[TASK2]  0cb6df2d-d69d-4aec-af65-ee40e5b7f390
  [status] <none> -> running
  [status] running -> succeeded
[TEXT2]  未能从执行上下文中获取到 `/home/guagua/test/logs/app.log` 的读取结果或文件不存在信息。
[TURN3]  再从里面挑一个最值得注意的点
[TASK3]  eb403093-a32d-4664-8a8b-fd258dcfc8ed
  [status] <none> -> running
  [status] running -> succeeded
[TEXT3]  需要我重新读取 `/home/guagua/test/logs/app.log` 并从中挑一个值得注意的点吗？

============================================================
[CASE]   3
[NAME]   context_bound_config_delivery_20260327
[CHAT]   2990050003
[TURN1]  先记一下，“那个配置文件”就是 /home/guagua/test/configs/app_config.toml
[TASK1]  9a3d0f0a-dd0c-4f20-9ef5-61281ddcfecd
  [status] <none> -> running
  [status] running -> succeeded
[TEXT1]  已记录。配置文件的路径是 `/home/guagua/test/configs/app_config.toml`。
[TURN2]  把那个配置文件发给我
[TASK2]  97a7ad67-74f9-4dc5-9eb4-9dcdec09164e
  [status] <none> -> running
curl: (7) Failed to connect to 127.0.0.1 port 8787 after 0 ms: Could not connect to server
