Natural-language manual regression
  case_file:     /tmp/nl_manual_targeted_4.txt
  run_dir:       /tmp/rustclaw-workspace/scripts/nl_suite_logs/manual/20260405_111520
  run_log:       /tmp/rustclaw-workspace/scripts/nl_suite_logs/manual/20260405_111520/run.log
  summary_jsonl: /tmp/rustclaw-workspace/scripts/nl_suite_logs/manual/20260405_111520/summary.jsonl
  base_url:      http://127.0.0.1:8787
  user_id:       1985996990
  chat_id:       1986003000
  user_key:      <set>
  wait:          180s
  poll:          1s
  retry_logic:   disabled (log only)


============================================================
[CASE]        1
[SOURCE_LINE] 1
[NAME]        chat_explain_repo_briefly
[CHAT]        1986003001
[PROMPT]      用非技术用户能听懂的话，简短解释这个仓库主要是干什么的
[TASK]        620dc7f7-e23b-4cfc-bf78-3ee78a98e2ca
  [status] <none> -> queued
  [status] queued -> running
  [status] running -> succeeded
[RESULT]
  [final] status=succeeded
  [text] RustClaw 是一个用 Rust 语言开发的多平台聊天消息聚合网关。它就像一个「超级路由器」，能把微信、Telegram、飞书、WhatsApp 等不同聊天软件的消息汇总到一起，统一管理和收发。用户可以通过一个界面跟所有平台的朋友聊天，同时系统还支持各种插件扩展功能，方便企业或个人根据需要添加新技能。整个项目包含前端界面、后端服务、配置管理和部署脚本，可以本地部署使用。

============================================================
[CASE]        2
[SOURCE_LINE] 2
[NAME]        chat_act_list_then_explain_docs
[CHAT]        1986003002
[PROMPT]      列出 docs 目录下的文件，再用一句话解释这些文档大概是干什么的
[TASK]        7a6958d7-8817-41fd-be21-bf3ceacebdf9
  [status] <none> -> running
  [status] running -> succeeded
[RESULT]
  [final] status=succeeded
  [text] docs 目录包含以下文件： - **base_skill_response_contract.md**：定义基础技能响应的契约/规范 - **clawd-main-split-checklist.md**：clawd 主分支拆分的检查清单 - **clawd-main-split-plan.md**：clawd 主分支拆分的执行计划 - **clawd-main-split-progress.md**：clawd 主分支拆分的进度跟踪...(truncated)

============================================================
[CASE]        3
[SOURCE_LINE] 3
[NAME]        act_log_analyze_brief
[CHAT]        1986003003
[PROMPT]      快速看一下 logs 目录里最近最值得注意的错误或异常，给我一个简短总结
[TASK]        5bca1de2-62b2-4d95-ad5f-2bfe5cfb12d5
  [status] <none> -> running
poll timeout for task_id=5bca1de2-62b2-4d95-ad5f-2bfe5cfb12d5
