Simple NL test run
  run_dir:  /home/guagua/git_upload/scripts/nl_suite_logs/text_match/20260322_123557/outputs/20260322_123557
  base_url: http://127.0.0.1:8787
  user_id:  1985996990
  chat_id:  1154158460333663
  prompts:  54

============================================================
[CASE] 1
[CHAT] 1154158460333664
[PROMPT] 执行 pwd，然后告诉我结果
[TASK] 75afa439-e398-4b13-9aa2-25b530d1b02f
  [status] <none> -> queued
  [status] queued -> running
  [status] running -> succeeded
[FINAL]
status=succeeded
text=/home/guagua/git_upload

============================================================
[CASE] 2
[CHAT] 1154158460333665
[PROMPT] please run uname -a and tell me the result
[TASK] 923b51f9-c1b2-4f74-923c-f6d1c735a4e0
  [status] <none> -> queued
  [status] queued -> running
  [status] running -> succeeded
[FINAL]
status=succeeded
text=Linux rustclaw 6.12.62+rpt-rpi-v8 #1 SMP PREEMPT Debian 1:6.12.62-1+rpt1 (2025-12-18) aarch64 GNU/Linux

============================================================
[CASE] 3
[CHAT] 1154158460333666
[PROMPT] 执行 ls scripts，然后用一句话告诉我这个目录大概放的是什么
[TASK] 644eab03-7ec9-4983-847f-1f52b796789c
  [status] <none> -> queued
  [status] queued -> running
  [status] running -> succeeded
[FINAL]
status=succeeded
text=根据当前目录列表，未找到 `scripts` 目录。当前目录中包含的主要是脚本文件（如 `lib.sh`、`codex_fix.sh`、`test_*.sh` 等）、测试日志目录（`nl_suite_logs`、`nl_test_logs`）、配置文件和 Python 工具脚本。这个目录本身更像是一个包含各类运维/测试脚本和测试用例文件的工作目录，而不是按 `scripts` 子目录组织。

============================================================
[CASE] 4
[CHAT] 1154158460333667
[PROMPT] 执行 df -h，然后用大白话告诉我最需要关注哪一项
[TASK] 6d982a05-7ad4-4bc7-8613-cc7cdacfd852
  [status] <none> -> running
  [status] running -> succeeded
[FINAL]
status=succeeded
text=## 最需要关注：`/` (根目录) —— **78% 已用，只剩 6.3G 了！**\n\n**原因很简单：**\n\n| 分区 | 使用率 | 状态 |\n|------|--------|------|\n| **/** (根目录) | **78%** ⚠️ | 快满了 |\n| /boot/firmware | 21% | 正常 |\n| 其他 tmpfs | 0-3% | 正常 |\n\n**这意味着什么：**\n- 系统日志、下载的文件、装软件……全往 `/` 塞，现在只剩 6.3G 可用\n- 一旦用满，系统会变卡甚至报错（比如无法写入文件、无法更新软件）\n\n**建议：**\n1. 跑一下 `sudo apt clean` 清理安装缓存\n2. 跑一下 `ncdu -x /` 看看是谁占用了最多空间\n3. 清理掉不用的大文件（视频、镜像、下载包等）

============================================================
[CASE] 5
[CHAT] 1154158460333668
[PROMPT] 执行 whoami，只输出结果，不要解释
[TASK] b966bb6a-88cc-475f-86ed-2cc2a3c95501
  [status] <none> -> running
  [status] running -> succeeded
[FINAL]
status=succeeded
text=guagua

============================================================
[CASE] 6
[CHAT] 1154158460333669
[PROMPT] 看看 README.md 开头讲了什么，读前 20 行后用三句话总结
[TASK] b438123b-b63e-47dc-91da-a7648c0ce568
  [status] <none> -> running
  [status] running -> succeeded
[FINAL]
status=succeeded
text=RustClaw 是一个基于 Rust 的本地智能体运行时，支持通过 Telegram、WhatsApp、飞书及浏览器 UI 等多渠道与智能体对话。它提供内置技能用于文件、HTTP、加密、图像等任务，并具备用户身份认证、对话记忆和多步骤任务管理功能。用户可通过本地界面进行日常监控和管理，实现一键部署的自动化工作流。

============================================================
[CASE] 7
[CHAT] 1154158460333670
[PROMPT] 帮我判断一下当前目录有没有隐藏文件，只回答有或没有，并举两个例子
[TASK] c5f1baed-8aa1-4b0a-9065-7bb066d3b78b
  [status] <none> -> running
  [status] running -> succeeded
[FINAL]
status=succeeded
text=是的，当前目录有隐藏文件。例如：\n\n1. `.cargo/` — Cargo 配置目录\n2. `.git/` — Git 版本控制目录\n\n其他隐藏文件还包括 `.dockerignore`、`.gitignore`、`.pids/` 等。

============================================================
[CASE] 8
[CHAT] 1154158460333671
[PROMPT] 去 package.json 里找 name，只把值给我
[TASK] 656c5034-f692-4d77-b1a4-86b54adc7df3
  [status] <none> -> running
  [status] running -> succeeded
[FINAL]
status=succeeded
text=xai-agent-sdk

============================================================
[CASE] 9
[CHAT] 1154158460333672
[PROMPT] 检查仓库里有没有 rustclaw.service；如果有，给路径并顺手解释它是干什么的
[TASK] 44f1cbc0-3287-464d-894b-573368b602aa
  [status] <none> -> running
  [status] running -> succeeded
[FINAL]
status=succeeded
text=找到了：`rustclaw.service`（位于仓库根目录）  \n\n**作用**：这是一个 systemd 服务单元文件（`.service`），用于告诉系统服务管理器（systemd）如何启动、停止、重启以及监控 `rustclaw` 程序。它通常包含程序的执行路径、启动参数、依赖关系以及运行时的用户/权限设置，从而使 `rustclaw` 能够作为系统服务在后台运行。

============================================================
[CASE] 10
[CHAT] 1154158460333673
[PROMPT] 比较 README.md 和 README.zh-CN.md 哪个更大，再解释为什么可能不同
[TASK] 0b5909ef-068a-4c2e-9624-2ec76c4e6cb1
  [status] <none> -> queued
  [status] queued -> running
  [status] running -> succeeded
[FINAL]
status=succeeded
text=README.md 大小为 **5928 字节**，README.zh‑CN.md 大小为 **5689 字节**，因此 **README.md 更大**，比后者多约 **239 字节**。\n\n两者可能不同的原因：\n\n- **语言特性**：英文单词往往比对应的中文翻译更长，导致英文版本占用的字符数更多。  \n- **翻译策略**：译者可能在保持意思完整的前提下，对句子结构、词汇进行精简或增补，使得中文版更紧凑。  \n- **内容差异**：两个文件可能分别针对不同受众，包含了针对各自语言的特有章节、注释或更新。  \n- **格式细节**：行尾换行符、空白字符、文档头部的元信息（如版本号、作者）可能略有不同。  \n\n综上，README.md 更大主要是由于英文本身的字符长度以及可能的额外内容或格式差异所致。

============================================================
[CASE] 11
[CHAT] 1154158460333674
[PROMPT] 只输出当前用户名，不要解释
[TASK] ea732d39-d648-4bec-a862-809f4b623aa3
  [status] <none> -> running
  [status] running -> succeeded
[FINAL]
status=succeeded
text=guagua

============================================================
[CASE] 12
[CHAT] 1154158460333675
[PROMPT] 只输出当前机器 hostname，不要解释
[TASK] e68ef6e4-f5ef-4778-8100-bf8322bf0aaf
  [status] <none> -> running
  [status] running -> succeeded
[FINAL]
status=succeeded
text=rustclaw

============================================================
[CASE] 13
[CHAT] 1154158460333676
[PROMPT] 统计 scripts 目录下有多少个直接子项，只输出数字
[TASK] f2debc48-1094-4d18-8b9b-a7060b703765
  [status] <none> -> running
  [status] running -> succeeded
[FINAL]
status=succeeded
text=65

============================================================
[CASE] 14
[CHAT] 1154158460333677
[PROMPT] 列出 logs 目录最近修改的 3 个文件，再告诉我这更像是测试日志还是正式产物
[TASK] 8a3e6460-ac84-4bfd-b963-f30e8c9b47e3
  [status] <none> -> running
  [status] running -> succeeded
[FINAL]
status=succeeded
text=## logs 目录最近修改的 3 个文件\n\n| 排名 | 文件名 | 修改时间 | 大小 |\n|------|--------|----------|------|\n| 1 | model_io.log | Mar 22 12:46 | ~38 MB |\n| 2 | clawd.log | Mar 22 12:46 | ~251 KB |\n| 3 | act_plan.log | Mar 22 12:45 | ~101 KB |\n\n## 性质判断：**更偏向正式产物日志**\n\n**判断依据：**\n\n1. **文件命名规范** — 文件名为业务功能英文名（model_io、clawd、act_plan），无 `test`、`debug`、`tmp` 等测试标记，符合正式服务的日志命名惯例。\n\n2. **文件大小** — model_io.log 高达 **~38 MB**，且正在持续写入（12:46 刚更新），这种规模的日志通常是长期运行的正式服务产生的累积输出，而非一次性测试的产物。\n\n3. **时间集中** — 三个文件几乎同时在 12:45~12:46 被修改，说明日志系统在同步活跃运行，符合正式服务运行状态。\n\n4. **同目录存在 regression 测试目录** — 目录中还有 `regression_user_instruction_*` 测试回归目录，但它们是独立的子目录，与根级的日志文件不同——这些日志本身不是测试产生的临时文件，而是服务运行过程中主动记录的。\n\n> **结论**：这些日志文件看起来是正式运行的服务（clawd、model_io、act_plan）产生的生产级日志。建议在处理或清理前确认无保留需求。

============================================================
[CASE] 15
[CHAT] 1154158460333678
[PROMPT] list the three most recently updated files in logs and then tell me whether these look more like test logs or production outputs
[TASK] 1bb49ad4-f931-4754-ba56-72a1fffb681c
  [status] <none> -> running
  [status] running -> succeeded
[FINAL]
status=succeeded
text=Based on the recent execution context, here are the three most recently updated files in the logs directory:\n\n| File | Size | Last Modified |\n|------|------|---------------|\n| model_io.log | 40,116,203 bytes | Mar 22 12:47 |\n| clawd.log | 277,743 bytes | Mar 22 12:47 |\n| act_plan.log | 103,930 bytes | Mar 22 12:46 |\n\n**Analysis - Production vs Test:**\n\nThese appear to be **production outputs** rather than test logs:\n\n1. **model_io.log** - At 40MB, this indicates sustained real usage with actual model inference data, not a brief test run\n2. **clawd.log** - The "d" suffix indicates a daemon/service, which is a production operational component\n3. **act_plan.log** - Suggests runtime action planning from an active system\n\nTest logs typically have smaller sizes, predictable/numeric prefixes, and don't reference operational daemons. The presence of a daemon log combined with large model I/O data strongly suggests production workloads.

============================================================
[CASE] 16
[CHAT] 1154158460333679
[PROMPT] 看一下 logs 里最新改动的三个文件，然后判断一下这更像测试日志还是正式运行产物
[TASK] bbcc93bb-00ff-4340-99e2-c9dbdfab6c55
  [status] <none> -> running
  [status] running -> succeeded
[FINAL]
status=succeeded
text=## 目录扫描结果\n\n**最新修改的 3 个文件：**\n1. `logs/act_plan.log`\n2. `logs/model_io.log`\n3. `logs/clawd.log`\n\n## 判断：更像正式运行产物\n\n| 文件 | 特征分析 | 判定 |\n|------|---------|------|\n| `act_plan.log` | "act_plan" 暗示动作规划，命名正式 | ✅ 正式运行 |\n| `model_io.log` | "model_io" 明确指向模型输入/输出操作 | ✅ 正式运行 |\n| `clawd.log` | "clawd" 是守护进程名，后缀 `.log` 是标准日志格式 | ✅ 正式运行 |\n\n**结论**：这三个文件是**正式运行产物**，理由：\n- 命名规范正式，无测试特征（如 `test_`、`debug_`、`tmp_`）\n- 文件名暗示具体的系统功能（动作规划、模型交互、守护进程）\n- 路径结构符合生产环境日志规范

============================================================
[CASE] 17
[CHAT] 1154158460333680
[PROMPT] check the latest three files under logs and tell me whether they look more like test logs or real runtime outputs
[TASK] f2c91b24-8ad3-4034-9731-06bffec1e660
  [status] <none> -> running
  [status] running -> succeeded
[FINAL]
status=succeeded
text=Based on the observed execution context:\n\n1. The directory listing shows these log files at the root level (not under a `logs/` subdirectory): `act_plan.log`, `clawd.log`, `feishud.log`, `model_io.log`, `service_ops.log`, `telegramd.log`\n\n2. However, the execution context does not include the actual contents of the latest three log files, nor timestamps to determine which three are most recent. The only file contents partially observed are `clawd.log` (startup/initialization messages showing a normal runtime startup sequence) and `model_io.log` (model interaction JSON with a resume intent classification call).\n\n**Insufficient context to answer fully.** The execution did not capture:\n- A `logs/` directory listing (the listed files are at root level)\n- The content of the latest three log files\n- Timestamps to determine recency\n\nIf the logs directory exists at a different path, or if you can re-run the listing for the logs directory, I can then read the latest three files and provide the analysis.

============================================================
[CASE] 18
[CHAT] 1154158460333681
[PROMPT] 写一个文本文件到 document/text_match_regression_note.txt，内容是 semantic routing regression note，然后把文件发给我
[TASK] 26efee4a-a7ff-4d05-a67b-b3b3677dfec8
  [status] <none> -> running
  [status] running -> succeeded
[FINAL]
status=succeeded
text=FILE:/home/guagua/git_upload/document/text_match_regression_note.txt

============================================================
[CASE] 19
[CHAT] 1154158460333682
[PROMPT] create a text file at document/text_match_regression_en.txt with content semantic command regression and send me the file
[TASK] 469724fd-facd-489c-804f-828eea0f6c68
  [status] <none> -> running
  [status] running -> succeeded
[FINAL]
status=succeeded
text=FILE:/home/guagua/git_upload/document/text_match_regression_en.txt

============================================================
[CASE] 20
[CHAT] 1154158460333683
[PROMPT] make a text file at document/text_match_regression_en_2.txt with content parser fallback regression and send it to me as a file
[TASK] 7760e6df-0e9d-4719-8373-2a1052b7338f
  [status] <none> -> running
  [status] running -> succeeded
[FINAL]
status=succeeded
text=FILE:/home/guagua/git_upload/document/text_match_regression_en_2.txt

============================================================
[CASE] 21
[CHAT] 1154158460333684
[PROMPT] 把 document/definitely_missing_text_match_case_001.txt 发给我
[TASK] 97147166-aaaf-44d5-8a3d-b4f3d35b6420
  [status] <none> -> running
  [status] running -> succeeded
[FINAL]
status=succeeded
text=文件未找到。

============================================================
[CASE] 22
[CHAT] 1154158460333685
[PROMPT] please send me document/definitely_missing_text_match_case_002.txt
[TASK] f9940fc1-8731-4009-ae4c-c40e407e93b8
  [status] <none> -> running
  [status] running -> succeeded
[FINAL]
status=succeeded
text=File not found.

============================================================
[CASE] 23
[CHAT] 1154158460333686
[PROMPT] 把 document/definitely_missing_runtime_case_001.txt 发给我，不要贴内容
[TASK] 284c9b1f-7600-417e-9520-056a560247e4
  [status] <none> -> queued
  [status] queued -> running
  [status] running -> succeeded
[FINAL]
status=succeeded
text=File not found

============================================================
[CASE] 24
[CHAT] 1154158460333687
[PROMPT] send me document/definitely_missing_runtime_case_002.txt and do not paste the content
[TASK] 2315ca2a-10af-4503-9c64-43e16bd6aeed
  [status] <none> -> running
  [status] running -> succeeded
[FINAL]
status=succeeded
text=The file was not found.

============================================================
[CASE] 25
[CHAT] 1154158460333688
[PROMPT] please send document/definitely_missing_runtime_case_003.txt as a file and do not paste anything inline
[TASK] 8284b600-1c3c-4eef-94e9-1c593860ffe4
  [status] <none> -> queued
  [status] queued -> running
  [status] running -> succeeded
[FINAL]
status=succeeded
text=File not found: `document/definitely_missing_runtime_case_003.txt`

============================================================
[CASE] 26
[CHAT] 1154158460333689
[PROMPT] 别执行任何命令，直接讲一个很短的冷笑话
[TASK] 9b32963a-4fa7-404f-9ff0-20d847cd5ba4
  [status] <none> -> queued
  [status] queued -> running
  [status] running -> succeeded
[FINAL]
status=succeeded
text=Oct 31 = Dec 25。  \n因为在八进制中 31 等于十进制的 25，所以程序员常把万圣节和圣诞节搞混。

============================================================
[CASE] 27
[CHAT] 1154158460333690
[PROMPT] do not run anything, just tell me a very short joke
[TASK] a8a1142d-2996-49b0-a380-d68d3ba72ece
  [status] <none> -> queued
  [status] queued -> running
  [status] running -> succeeded
[FINAL]
status=succeeded
text=Why don't scientists trust atoms?\n\nBecause they make up everything.

============================================================
[CASE] 28
[CHAT] 1154158460333691
[PROMPT] 先看看当前目录有哪些顶层文件夹，再用一句适合新手的话解释这个仓库大概怎么组织
[TASK] cf494a5b-6f4b-487c-90c8-7ea1073a7e2b
  [status] <none> -> running
  [status] running -> succeeded
[FINAL]
status=succeeded
text=## 顶层文件夹一览\n\n```\n.cargo/        Cargo 构建缓存\n.git/          Git 仓库记录\n.pids/         进程 PID 文件\nUI/            前端界面（网页）\nbuild-all.sh   一键构建脚本\nconfigs/       配置文件\ncrates/        核心代码（Rust 模块）\ndata/          数据存储\ndocker/        Docker 相关文件\ndocs/          文档\nexternal_skills/  外部技能\nimage/         镜像资源\nlogs/          日志目录\nmigrations/    数据库迁移脚本\nnode_modules/  前端依赖\npatches/       补丁\npi_app/        Pi 应用相关\nplans/         计划/设计文档\nprompts/       AI 提示词\nrustclaw       可执行主程序\nscripts/       常用脚本\nservices/      服务配置\nskills_output/ 技能输出\nsystemd/       systemd 服务配置\ntarget/        Rust 编译产物\n```\n\n## 新手一句话理解\n\n**这是一个用 Rust 写的"聊天机器人接入服务"，核心在 `crates/` 里，`UI/` 是网页控制面板，`start-*.sh` 系列脚本用来一键启动/停止各种功能（比如接入 Telegram、WhatsApp、飞书等），`configs/` 和 `systemd/` 用来配置和部署。**

============================================================
[CASE] 29
[CHAT] 1154158460333692
[PROMPT] inspect the top-level folders in this repo and then explain in one plain sentence how this project is organized
[TASK] 3dc95274-e86c-4359-8364-db530a403116
  [status] <none> -> running
  [status] running -> succeeded
[FINAL]
status=succeeded
text=RustClaw is organized with modular Rust crates for core logic, platform-specific services (Telegram, WhatsApp, Lark/Feishu), UI components, Docker/container configs, scripts for deployment/orchestration, and supporting directories for data, logs, docs, and migrations.

============================================================
[CASE] 30
[CHAT] 1154158460333693
[PROMPT] 先看一下这个仓库顶层有哪些目录，再用一句新手能懂的话概括这个项目怎么组织
[TASK] 569b7c10-28eb-4c06-99d0-01811d08bde5
  [status] <none> -> running
  [status] running -> succeeded
[FINAL]
status=succeeded
text=## 顶层目录列表\n\n```\n.cargo/        # Cargo 构建配置\n.git/          # Git 仓库\n.pids/         # 进程 PID 文件\nUI/            # 前端界面\nconfigs/       # 配置文件\ncrates/        # Rust crate 子模块\ndata/          # 数据存储\ndocker/        # Docker 相关文件\ndocs/          # 文档\ndocument/      # 文档（中文）\nexternal_skills/  # 外部技能\nimage/         # 镜像文件\nlogs/          # 日志\nmigrations/    # 数据库迁移\nnode_modules/  # Node.js 依赖\npi_app/        # 树莓派应用\nplans/         # 计划\nprompts/       # AI 提示词模板\nrun/           # 运行时文件\nscripts/       # 脚本工具\nservices/      # 服务配置\nskills_output/ # 技能输出\nsystemd/       # systemd 服务配置\ntarget/        # 编译输出\n```\n\n## 项目整体结构说明\n\n**RustClaw** 是一个用 Rust + Node.js 构建的**多平台消息聚合中间件**，核心功能是统一接入 Telegram、WhatsApp、飞书/Lark 等 IM 平台，实现跨平台消息收发和机器人交互。\n\n### 架构分层\n\n| 层级 | 目录 | 说明 |\n|------|------|------|\n| **Rust 核心** | `crates/` | 含 `rustclaw` 主服务和各协议适配器（telegram、whatsapp、feishu、lark 等） |\n| **Node.js 服务** | `node_modules/` | 运行 JS 插件/技能的后端支持 |\n| **前端 UI** | `UI/` | Web 管理界面 |\n| **持久化** | `data/`、`migrations/` | SQLite 数据库及迁移脚本 |\n| **容器化** | `docker/`、`docker-compose.yml` | Docker 部署配置 |\n| **系统服务** | `systemd/`、`rustclaw.service` | Linux systemd 服务定义 |\n| **工具脚本** | `scripts/`、`start-*.sh`、`stop-*.sh` | 启停管理脚本 |\n| **配置** | `configs/` | 各模块配置文件 |\n| **文档** | `docs/`、`document/`、`README*.md` | 项目文档 |\n| **开发** | `external_skills/`、`skills_output/`、`prompts/` | 技能开发与 AI 提示词 |\n\n### 构建与部署\n\n- `Cargo.toml` + `crates/` → Rust 编译\n- `package.json` → Node.js 部分\n- `build-all.sh` → 一键构建\n- `install-rustclaw-cmd.sh` → 快捷安装\n\n### 总结\n\n该项目采用 **Monorepo 风格**，以 Rust 为主（高性能核心 + 协议适配）、Node.js 为辅（灵活插件/技能系统），配合前端 UI、数据库、容器化部署，构成一套完整的**企业级 IM 网关/机器人平台**。

============================================================
[CASE] 31
[CHAT] 1154158460333694
[PROMPT] look at the top-level directories in this repo and then explain in one plain sentence how the project is laid out
[TASK] a6320161-a85f-423e-99cb-02f5bc5c97e6
  [status] <none> -> running
  [status] running -> succeeded
[FINAL]
status=succeeded
text=Top-level directories include: `.cargo/` (Rust build config), `configs/` (service configurations), `crates/` (Rust source modules), `data/` (runtime data storage), `docker/` (Docker setup), `docs/` (documentation), `document/` (additional docs), `external_skills/` (external integrations), `image/` (assets/images), `logs/` (log outputs), `migrations/` (database migrations), `node_modules/` (Node.js dependencies), `patches/` (custom patches), `pi_app/` (Pi-specific app), `plans/` (planning docs), `prompts/` (AI prompts), `run/` (runtime files), `scripts/` (utility scripts), `services/` (service definitions), `skills_output/` (skill results), `systemd/` (systemd unit files), and `target/` (Rust build output).\n\nThis is a Rust-based service daemon project ("RustClaw") that bridges multiple messaging platforms (Telegram, WhatsApp, Feishu/Lark, etc.) with a web UI, organized with modular Rust crates, Docker support, systemd service management, and utility scripts for deployment and operation.

============================================================
[CASE] 32
[CHAT] 1154158460333695
[PROMPT] 把 pwd 跑一下，然后把结果回给我
[TASK] 19762c81-6585-46b4-8267-288f86e82cee
  [status] <none> -> queued
  [status] queued -> running
  [status] running -> succeeded
[FINAL]
status=succeeded
text=/home/guagua/git_upload

============================================================
[CASE] 33
[CHAT] 1154158460333696
[PROMPT] please execute pwd and reply with the result
[TASK] ce6b8990-5191-4be0-b48e-c88c62f7a168
  [status] <none> -> running
  [status] running -> succeeded
[FINAL]
status=succeeded
text=/home/guagua/git_upload

============================================================
[CASE] 34
[CHAT] 1154158460333697
[PROMPT] 执行 hostname，只给结果不要解释
[TASK] b011721e-ccbe-4a26-9206-e2b2b0706858
  [status] <none> -> queued
  [status] queued -> running
  [status] running -> succeeded
[FINAL]
status=succeeded
text=rustclaw

============================================================
[CASE] 35
[CHAT] 1154158460333698
[PROMPT] 跑一下 df -h，然后用一句人话告诉我哪个盘最该盯着
[TASK] 7487b2f1-ae8c-4f54-a826-befc589b7ea0
  [status] <none> -> running
  [status] running -> succeeded
[FINAL]
status=succeeded
text=**需要重点关注的是根分区（/dev/mmcblk0p2）**：它已经用了 78%，只剩下约 6GB 空间了，建议及时清理或扩容，避免磁盘被撑满导致系统异常。

============================================================
[CASE] 36
[CHAT] 1154158460333699
[PROMPT] 看看这里有没有点开头的隐藏项，只给结论和两个例子
[TASK] 5421719e-2fbe-404a-a317-6e1b8b4a30a4
  [status] <none> -> queued
  [status] queued -> running
  [status] running -> succeeded
[FINAL]
status=succeeded
text=**结论**：是，当前目录下存在以点开头的隐藏项。\n\n**示例**：\n\n1. `.git/`（Git 版本控制目录）\n2. `.cargo/`（Rust 构建缓存目录）

============================================================
[CASE] 37
[CHAT] 1154158460333700
[PROMPT] check whether this folder has dotfiles; answer briefly with yes or no plus two examples
[TASK] aee97e74-57d8-4e95-b3ee-9f9fcca67b87
  [status] <none> -> running
  [status] running -> succeeded
[FINAL]
status=succeeded
text=Yes. Examples: `.cargo/`, `.gitignore`, `.dockerignore`

============================================================
[CASE] 38
[CHAT] 1154158460333701
[PROMPT] does this folder contain any dotfiles? just answer yes or no and give two examples
[TASK] 1f960be9-c0c3-4a06-8f6b-f6af4f213ba4
  [status] <none> -> queued
  [status] queued -> running
  [status] running -> succeeded
[FINAL]
status=succeeded
text=Yes. For example: `.cargo/`, `.gitignore`

============================================================
[CASE] 39
[CHAT] 1154158460333702
[PROMPT] 这个目录里有隐藏项吗？只回有或没有，再给两个例子
[TASK] 83d0f355-8b1a-4797-a960-1bac67c5ed5d
  [status] <none> -> running
  [status] running -> succeeded
[FINAL]
status=succeeded
text=**有**\n\n隐藏项示例：\n\n1. `.cargo/` — 目录\n2. `.git/` — 目录

============================================================
[CASE] 40
[CHAT] 1154158460333703
[PROMPT] 帮我从 package.json 里把 name 那个值抠出来，别带别的
[TASK] cf086136-7656-4412-a7cc-df66c7c37199
  [status] <none> -> running
  [status] running -> succeeded
[FINAL]
status=succeeded
text=package.json 里没有 `name` 字段，只包含 `dependencies` 字段。

============================================================
[CASE] 41
[CHAT] 1154158460333704
[PROMPT] 看看 rustclaw.service 在不在；在的话把位置给我并顺手说下用途
[TASK] c4c35351-6238-4d04-8bb9-391f969e1987
  [status] <none> -> running
  [status] running -> succeeded
[FINAL]
status=succeeded
text=文件 `rustclaw.service` 存在。\n\n**路径**: 当前目录下的 `rustclaw.service`（相对路径）\n\n**用途**: `rustclaw.service` 是一个 systemd 服务单元文件，用于将 `rustclaw` 程序配置为系统服务，使其能够通过 systemd 进行管理（如开机自启、后台运行、服务状态监控等）。

============================================================
[CASE] 42
[CHAT] 1154158460333705
[PROMPT] 先看看这个仓库顶层有哪些目录，再用一句给新手看的话解释怎么理解这个结构
[TASK] 5668efce-eb5d-4f8c-9e1a-0ee89a033381
  [status] <none> -> running
  [status] running -> succeeded
[FINAL]
status=succeeded
text=这是一个 Rust 技术栈的即时通讯（IM）网关项目，`crates/` 存放核心代码模块，`configs/` 和 `data/` 分别保存配置与运行时数据，`UI/` 提供 Web 管理界面，其余脚本和服务文件用于构建、部署与运行整个服务。

============================================================
[CASE] 43
[CHAT] 1154158460333706
[PROMPT] 把 document/definitely_missing_text_match_case_003.txt 发给我
[TASK] 32fe571b-1266-4932-9f44-1a3ce607087d
  [status] <none> -> running
  [status] running -> succeeded
[FINAL]
status=succeeded
text=File not found: document/definitely_missing_text_match_case_003.txt

============================================================
[CASE] 44
[CHAT] 1154158460333707
[PROMPT] 帮我看下 scripts 这个目录里大致都是什么，用一句人话说清楚
[TASK] c0d5327c-25d6-4494-af08-ab679554bb13
  [status] <none> -> running
  [status] running -> succeeded
[FINAL]
status=succeeded
text=该目录包含大量 shell 脚本和 Python 脚本，主要用于自然语言测试套件运行、代码自动修复、Crypto 相关操作、浏览器运行时检查、数据库处理以及各类回归测试的自动化执行和监控。

============================================================
[CASE] 45
[CHAT] 1154158460333708
[PROMPT] 先读 README.md 开头二十行，再给我三句总结
[TASK] 3c81d7c8-ec86-4b87-a617-979860eac1df
  [status] <none> -> running
  [status] running -> succeeded
[FINAL]
status=succeeded
text=## 三句话总结\n\n1. **RustClaw 是一个本地运行的 Rust 编写的智能代理运行时**，支持通过 Telegram、WhatsApp、飞书/Lark 以及浏览器 UI 进行日常操作。\n\n2. 它将**任务路由、工具执行、记忆管理、定时调度、多模态技能**和基于 `user_key` 的身份认证整合为一个可部署的技术栈。\n\n3. 用户可以通过**多渠道聊天、调用内置技能、管理权限、监控 UI** 等方式与代理交互，并支持会话记忆和多步骤任务的恢复执行。

============================================================
[CASE] 46
[CHAT] 1154158460333709
[PROMPT] 仓库里那个 rustclaw.service 文件在吗？在的话把位置告诉我，再顺带说一句它是干嘛的
[TASK] 0f634388-7ec9-4264-9e4f-4f37bc747032
  [status] <none> -> running
  [status] running -> succeeded
[FINAL]
status=succeeded
text=**文件存在：`rustclaw.service`**\n\n**用途：** 这是一个 systemd 服务单元文件，用于将 `rustclaw` 程序配置为系统服务，使其能够通过 systemd 进行管理（如开机自启、自动重启、状态监控等）。

============================================================
[CASE] 47
[CHAT] 1154158460333710
[PROMPT] 把 document/definitely_missing_runtime_case_004.txt 直接作为文件发给我，不要贴正文
[TASK] 32f9f880-c5e9-4d98-9f61-25756d9c629a
  [status] <none> -> running
  [status] running -> succeeded
[FINAL]
status=succeeded
text=文件未找到。

============================================================
[CASE] 48
[CHAT] 1154158460333711
[PROMPT] send document/definitely_missing_runtime_case_005.txt as the file itself, do not paste the body
[TASK] 0b27c0f5-395e-4d81-8789-64c7bce134c5
  [status] <none> -> running
  [status] running -> succeeded
[FINAL]
status=succeeded
text=File not found.

============================================================
[CASE] 49
[CHAT] 1154158460333712
[PROMPT] package.json 里面 name 是什么，只给那个值
[TASK] 71f74d8d-922b-496a-854e-1a8ba6eb24fc
  [status] <none> -> running
  [status] running -> succeeded
[FINAL]
status=succeeded
text=该 `package.json` 文件中**不存在 `name` 字段**，文件内容仅包含 `dependencies` 字段。

============================================================
[CASE] 50
[CHAT] 1154158460333713
[PROMPT] pull the name value out of package.json and return only that value
[TASK] 359e88ed-9ce1-4dd4-a63a-4a9098f369a4
  [status] <none> -> running
  [status] running -> succeeded
[FINAL]
status=succeeded
text=There is no "name" field in the package.json file. The file only contains a "dependencies" field.

============================================================
[CASE] 51
[CHAT] 1154158460333714
[PROMPT] 帮我看 logs 里最近动过的三个文件，再判断更像测试产物还是正式运行日志
[TASK] eec79174-9574-408f-af99-080ca0c532c9
  [status] <none> -> running
