Natural-language manual regression
  case_file:     /home/guagua/git_upload/scripts/nl_tests/cases/nl_cases_dynamic_guard_manual_20260327.txt
  run_dir:       /home/guagua/git_upload/scripts/nl_suite_logs/dynamic_guard_manual/20260328_091840
  run_log:       /home/guagua/git_upload/scripts/nl_suite_logs/dynamic_guard_manual/20260328_091840/run.log
  summary_jsonl: /home/guagua/git_upload/scripts/nl_suite_logs/dynamic_guard_manual/20260328_091840/summary.jsonl
  base_url:      http://127.0.0.1:8787
  user_id:       1985996990
  chat_id:       17746607301
  user_key:      <set>
  wait:          240s
  poll:          1s
  retry_logic:   disabled (log only)


============================================================
[CASE]        1
[SOURCE_LINE] 4
[NAME]        explicit_path_readme_summary
[CHAT]        17746607302
[PROMPT]      读一下 /home/guagua/test/README.md 开头并用一句话总结
[TASK]        552bc5ba-5adc-4742-9483-418d36d7565f
  [status] <none> -> running
  [status] running -> succeeded
[RESULT]
  [final] status=succeeded
  [text] This directory is reserved for NL regression test artifacts and wrapper scripts.

============================================================
[CASE]        2
[SOURCE_LINE] 5
[NAME]        explicit_path_readme_send
[CHAT]        17746607303
[PROMPT]      把 /home/guagua/test/README.md 发给我
[TASK]        13fd82ff-3c18-4b8c-8a36-d365c62fdfba
  [status] <none> -> running
  [status] running -> succeeded
[RESULT]
  [final] status=succeeded
  [text] FILE:/home/guagua/test/README.md

============================================================
[CASE]        3
[SOURCE_LINE] 6
[NAME]        explicit_config_send
[CHAT]        17746607304
[PROMPT]      把 /home/guagua/test/configs/app_config.toml 发给我
[TASK]        76203256-b6ef-4a24-8e41-d7fa947076d0
  [status] <none> -> running
  [status] running -> succeeded
[RESULT]
  [final] status=succeeded
  [text] FILE:/home/guagua/test/configs/app_config.toml

============================================================
[CASE]        4
[SOURCE_LINE] 7
[NAME]        explicit_log_tail
[CHAT]        17746607305
[PROMPT]      看下 /home/guagua/test/logs/app.log 最近 10 行
[TASK]        90891cb3-4e97-466e-90c4-dcf11709c460
  [status] <none> -> running
  [status] running -> succeeded
[RESULT]
  [final] status=succeeded
  [text] [2026-03-26 23:00:01] INFO startup complete [2026-03-26 23:04:12] INFO loaded 3 fixture documents [2026-03-26 23:06:33] WARN cache miss on demo key [2026-03-26 23:07:10] ERROR sample downstream timeout recovered [2026-03...(truncated)

============================================================
[CASE]        5
[SOURCE_LINE] 8
[NAME]        explicit_db_tables
[CHAT]        17746607306
[PROMPT]      查一下 /home/guagua/test/data/test_contract.sqlite 里有哪些表
[TASK]        3fdd3a1c-5323-42a3-b618-64a60192ceb4
  [status] <none> -> running
  [status] running -> succeeded
[RESULT]
  [final] status=succeeded
  [text] accounts, audit_log

============================================================
[CASE]        6
[SOURCE_LINE] 9
[NAME]        explicit_archive_unpack
[CHAT]        17746607307
[PROMPT]      把 /home/guagua/test/tmp/test_bundle.zip 解压到 /home/guagua/test/tmp/manual_dynamic_guard_unpack 然后告诉我结果
[TASK]        c5694bd8-33e0-4245-a428-dfdae5d0b512
  [status] <none> -> running
  [status] running -> succeeded
[RESULT]
  [final] status=succeeded
  [text] 成功解压 /home/guagua/test/tmp/test_bundle.zip 到 /home/guagua/test/tmp/manual_dynamic_guard_unpack，提取了 2 个文件：file_one.txt 和 file_two.txt

============================================================
[CASE]        7
[SOURCE_LINE] 10
[NAME]        current_dir_count_scalar
[CHAT]        17746607308
[PROMPT]      数一下当前目录有多少个直接子项，只输出数字
[TASK]        e383fc85-a777-402f-8091-3a34ab865f75
  [status] <none> -> running
  [status] running -> succeeded
[RESULT]
  [final] status=succeeded
  [text] 74

============================================================
[CASE]        8
[SOURCE_LINE] 11
[NAME]        explicit_path_two_part
[CHAT]        17746607309
[PROMPT]      先读 /home/guagua/test/README.md 开头，再用一句话总结
[TASK]        b382804c-04a9-4a5f-97fe-2c3fcd78d343
  [status] <none> -> running
  [status] running -> succeeded
[RESULT]
  [final] status=succeeded
  [text] 这个目录是用于自然语言回归测试工件和包装脚本的测试工作区，runner 的输入和日志可以存放在此，但更改此目录不会改变代理的内部工作目录。

============================================================
[CASE]        9
[SOURCE_LINE] 12
[NAME]        english_explicit_readme_summary
[CHAT]        17746607310
[PROMPT]      Read the beginning of /home/guagua/test/README.md and summarize it in one sentence.
[TASK]        4ebfe2bd-fb4a-409c-a551-04006289f2c0
  [status] <none> -> queued
  [status] queued -> running
  [status] running -> succeeded
[RESULT]
  [final] status=succeeded
  [text] This directory is reserved for NL regression test artifacts and wrapper scripts.

============================================================
[CASE]        10
[SOURCE_LINE] 13
[NAME]        english_explicit_send
[CHAT]        17746607311
[PROMPT]      Send me /home/guagua/test/README.md
[TASK]        7cd1759d-81d2-4fb3-845b-8ba2c27c2532
  [status] <none> -> running
  [status] running -> succeeded
[RESULT]
  [final] status=succeeded
  [text] FILE:/home/guagua/test/README.md

============================================================
[CASE]        11
[SOURCE_LINE] 14
[NAME]        explicit_service_notes_send
[CHAT]        17746607312
[PROMPT]      把 /home/guagua/test/docs/service_notes.md 发给我
[TASK]        331a33e4-5740-4481-8d43-1b1547142e8c
  [status] <none> -> queued
  [status] queued -> running
  [status] running -> succeeded
[RESULT]
  [final] status=succeeded
  [text] FILE:/home/guagua/test/docs/service_notes.md

============================================================
[CASE]        12
[SOURCE_LINE] 15
[NAME]        explicit_docs_list_names_only
[CHAT]        17746607313
[PROMPT]      列出 /home/guagua/test/docs 下的直接子项，只列名字
[TASK]        9d993a1a-855e-4c0d-be58-aea9b6ffd87f
  [status] <none> -> running
  [status] running -> succeeded
[RESULT]
  [final] status=succeeded
  [text] guide.txt notes.txt service_notes.md

============================================================
[CASE]        13
[SOURCE_LINE] 16
[NAME]        explicit_docs_count_scalar
[CHAT]        17746607314
[PROMPT]      统计 /home/guagua/test/docs 下直接子项数量，只输出数字
[TASK]        0a37fb53-eb85-4dda-85e1-24f6217c900e
  [status] <none> -> running
  [status] running -> succeeded
[RESULT]
  [final] status=succeeded
  [text] 3

============================================================
[CASE]        14
[SOURCE_LINE] 17
[NAME]        explicit_missing_file_graceful
[CHAT]        17746607315
[PROMPT]      把 /home/guagua/test/docs/not_exists_case_003.md 发给我，不要编造
[TASK]        83d57c3a-af5f-4865-8b0b-4b3785ba2484
  [status] <none> -> running
  [status] running -> succeeded
[RESULT]
  [final] status=succeeded
  [text] File not found.

============================================================
[CASE]        15
[SOURCE_LINE] 18
[NAME]        explicit_log_tail_focus_cn
[CHAT]        17746607316
[PROMPT]      看下 /home/guagua/test/logs/app.log 最近 15 行，然后一句话指出最可疑点
[TASK]        aa698ad6-fa2a-4805-a205-c04189b42e8a
  [status] <none> -> running
  [status] running -> succeeded
[RESULT]
  [final] status=succeeded
  [text] 日志中最可疑的是 23:07:10 的 ERROR 事件，显示「sample downstream timeout recovered」，说明下游服务曾发生超时故障（虽已恢复），表明存在依赖服务的稳定性风险。

============================================================
[CASE]        16
[SOURCE_LINE] 19
[NAME]        explicit_db_schema_version_cn
[CHAT]        17746607317
[PROMPT]      查一下 /home/guagua/test/data/test_contract.sqlite 的 schema version，只输出值
[TASK]        af86ecf9-c77d-447d-855a-436aa411761d
  [status] <none> -> running
  [status] running -> succeeded
[RESULT]
  [final] status=succeeded
  [text] 0

============================================================
[CASE]        17
[SOURCE_LINE] 20
[NAME]        explicit_archive_unpack_alt
[CHAT]        17746607318
[PROMPT]      把 /home/guagua/test/tmp/test_bundle.zip 解压到 /home/guagua/test/tmp/manual_dynamic_guard_unpack_alt 并告诉我结果
[TASK]        042fe54f-6024-4f86-ad96-e2757625f211
  [status] <none> -> running
  [status] running -> succeeded
[RESULT]
  [final] status=succeeded
  [text] Successfully extracted test_bundle.zip to manual_dynamic_guard_unpack_alt. Files extracted: file_one.txt, file_two.txt.

============================================================
[CASE]        18
[SOURCE_LINE] 21
[NAME]        english_explicit_log_tail
[CHAT]        17746607319
[PROMPT]      Show the last 12 lines of /home/guagua/test/logs/app.log.
[TASK]        32813fd5-05f1-45ee-9e8f-7b354a9f68fa
  [status] <none> -> running
  [status] running -> succeeded
[RESULT]
  [final] status=succeeded
  [text] [2026-03-26 23:00:01] INFO startup complete [2026-03-26 23:04:12] INFO loaded 3 fixture documents [2026-03-26 23:06:33] WARN cache miss on demo key [2026-03-26 23:07:10] ERROR sample downstream timeout recovered [2026-03...(truncated)

============================================================
[CASE]        19
[SOURCE_LINE] 22
[NAME]        english_explicit_db_tables
[CHAT]        17746607320
[PROMPT]      List tables from /home/guagua/test/data/test_contract.sqlite.
[TASK]        9444f15e-0ae8-4ac7-91ec-f0341ee3bf75
  [status] <none> -> running
  [status] running -> succeeded
[RESULT]
  [final] status=succeeded
  [text] accounts audit_log

============================================================
[CASE]        20
[SOURCE_LINE] 23
[NAME]        mixed_lang_explicit_file_summary
[CHAT]        17746607321
[PROMPT]      read /home/guagua/test/README.md 开头，然后用中文一句话总结
[TASK]        bfe1c78e-2489-48ad-a1f1-6baee3679323
  [status] <none> -> queued
  [status] queued -> running
  [status] running -> succeeded
[RESULT]
  [final] status=succeeded
  [text] 这是NL回归测试的专用工作区目录，用于存放测试输入、日志和包装脚本，但更改此目录不会影响clawd内部配置的工作区。

============================================================
[CASE]        21
[SOURCE_LINE] 26
[NAME]        colloquial_cn_readme_oneliner
[CHAT]        17746607322
[PROMPT]      帮我瞅一眼 /home/guagua/test/README.md 前几行，然后一句话说重点
[TASK]        a04d8c1c-dadc-4bce-bb11-3bc4f8864c11
  [status] <none> -> queued
  [status] queued -> running
  [status] running -> succeeded
[RESULT]
  [final] status=succeeded
  [text] 这是一个用于NL回归测试脚本和工件的测试工作区目录，用于存放runner输入和日志，但改变此目录本身不会改变agent的内部工作目录。

============================================================
[CASE]        22
[SOURCE_LINE] 27
[NAME]        colloquial_cn_send_no_paste
[CHAT]        17746607323
[PROMPT]      别贴正文，直接把 /home/guagua/test/docs/service_notes.md 发我
[TASK]        27bc5f61-90b9-40e6-bead-169a4e2e0491
  [status] <none> -> running
  [status] running -> succeeded
[RESULT]
  [final] status=succeeded
  [text] FILE:/home/guagua/test/docs/service_notes.md

============================================================
[CASE]        23
[SOURCE_LINE] 28
[NAME]        colloquial_cn_log_tail
[CHAT]        17746607324
[PROMPT]      麻烦看下 /home/guagua/test/logs/app.log 最后 8 行给我
[TASK]        f5c36fb3-412d-40c6-91d9-47b1bba70095
  [status] <none> -> running
  [status] running -> succeeded
[RESULT]
  [final] status=succeeded
  [text] [2026-03-26 23:00:01] INFO startup complete [2026-03-26 23:04:12] INFO loaded 3 fixture documents [2026-03-26 23:06:33] WARN cache miss on demo key [2026-03-26 23:07:10] ERROR sample downstream timeout recovered [2026-03...(truncated)

============================================================
[CASE]        24
[SOURCE_LINE] 29
[NAME]        colloquial_cn_db_tables
[CHAT]        17746607325
[PROMPT]      帮我看下 /home/guagua/test/data/test_contract.sqlite 里都有哪些表哈
[TASK]        2751a54d-2aa2-440e-b3cd-c8c76612c8ee
  [status] <none> -> running
  [status] running -> succeeded
[RESULT]
  [final] status=succeeded
  [text] accounts audit_log

============================================================
[CASE]        25
[SOURCE_LINE] 30
[NAME]        colloquial_en_send_file
[CHAT]        17746607326
[PROMPT]      Hey, just send me /home/guagua/test/README.md as a file, no pasted content.
[TASK]        79edc78a-1b8d-4cd1-a670-11622107e36a
  [status] <none> -> running
  [status] running -> succeeded
[RESULT]
  [final] status=succeeded
  [text] FILE:/home/guagua/test/README.md

============================================================
[CASE]        26
[SOURCE_LINE] 31
[NAME]        colloquial_en_log_focus
[CHAT]        17746607327
[PROMPT]      Could you quickly tail /home/guagua/test/logs/app.log for 9 lines and give me a one-liner takeaway?
[TASK]        634d30ce-3eda-4276-a9e7-2f3003ebf218
  [status] <none> -> running
  [status] running -> succeeded
[RESULT]
  [final] status=succeeded
  [text] The application started successfully and loaded 3 fixture documents, experienced a cache miss warning and a downstream timeout error (both recovered), and is currently serving local test traffic.

============================================================
[CASE]        27
[SOURCE_LINE] 32
[NAME]        colloquial_en_docs_count_scalar
[CHAT]        17746607328
[PROMPT]      How many direct items are in /home/guagua/test/docs? Output number only.
[TASK]        48af2045-4c67-4fde-953a-c89d099fddc4
  [status] <none> -> running
  [status] running -> succeeded
[RESULT]
  [final] status=succeeded
  [text] 3

============================================================
[CASE]        28
[SOURCE_LINE] 33
[NAME]        colloquial_mixed_send_config
[CHAT]        17746607329
[PROMPT]      把 /home/guagua/test/configs/app_config.toml send me，别贴内容
[TASK]        219861be-8bc3-455b-b38b-dd1e0bd16cd3
  [status] <none> -> running
  [status] running -> succeeded
[RESULT]
  [final] status=succeeded
  [text] FILE:/home/guagua/test/configs/app_config.toml

============================================================
[CASE]        29
[SOURCE_LINE] 36
[NAME]        colloquial_cn_ultra_send_readme
[CHAT]        17746607330
[PROMPT]      把 /home/guagua/test/README.md 直接甩我，别贴字
[TASK]        b2b06ff3-1273-42ea-a90a-7c92f9e2eff4
  [status] <none> -> running
  [status] running -> succeeded
[RESULT]
  [final] status=succeeded
  [text] FILE:/home/guagua/test/README.md

============================================================
[CASE]        30
[SOURCE_LINE] 37
[NAME]        colloquial_cn_ultra_peek_readme
[CHAT]        17746607331
[PROMPT]      瞅下 /home/guagua/test/README.md 开头，给我一句人话总结
[TASK]        01a78481-ffdc-491c-b7bd-0641df75a31b
  [status] <none> -> running
  [status] running -> succeeded
[RESULT]
  [final] status=succeeded
  [text] 该目录是用于存放NL回归测试工件和脚本的测试工作区。

============================================================
[CASE]        31
[SOURCE_LINE] 38
[NAME]        colloquial_cn_ultra_tail_log
[CHAT]        17746607332
[PROMPT]      /home/guagua/test/logs/app.log 最后 5 行给我看下
[TASK]        d53bd999-29a8-4d84-b1a6-78b572eed181
  [status] <none> -> running
  [status] running -> succeeded
[RESULT]
  [final] status=succeeded
  [text] [2026-03-26 23:00:01] INFO startup complete [2026-03-26 23:04:12] INFO loaded 3 fixture documents [2026-03-26 23:06:33] WARN cache miss on demo key [2026-03-26 23:07:10] ERROR sample downstream timeout recovered [2026-03...(truncated)

============================================================
[CASE]        32
[SOURCE_LINE] 39
[NAME]        colloquial_cn_ultra_count_docs
[CHAT]        17746607333
[PROMPT]      /home/guagua/test/docs 里头有几个直接子项？只回数字
[TASK]        2aa017fb-851c-4026-8212-e7fddf3fccc5
  [status] <none> -> queued
  [status] queued -> running
  [status] running -> succeeded
[RESULT]
  [final] status=succeeded
  [text] 3

============================================================
[CASE]        33
[SOURCE_LINE] 40
[NAME]        colloquial_en_ultra_send
[CHAT]        17746607334
[PROMPT]      pls send /home/guagua/test/docs/service_notes.md as file only
[TASK]        5e6244a2-2cbb-4cae-aae0-eff570b90db2
  [status] <none> -> running
  [status] running -> succeeded
[RESULT]
  [final] status=succeeded
  [text] FILE:/home/guagua/test/docs/service_notes.md

============================================================
[CASE]        34
[SOURCE_LINE] 41
[NAME]        colloquial_en_ultra_read
[CHAT]        17746607335
[PROMPT]      take a quick look at /home/guagua/test/README.md top lines, one-liner only
[TASK]        0521b891-9769-48fb-888a-69186b376bc0
  [status] <none> -> running
  [status] running -> succeeded
[RESULT]
  [final] status=succeeded
  [text] # Test Workspace - This directory is reserved for NL regression test artifacts and wrapper scripts.

============================================================
[CASE]        35
[SOURCE_LINE] 42
[NAME]        colloquial_en_ultra_db
[CHAT]        17746607336
[PROMPT]      yo, what tables are in /home/guagua/test/data/test_contract.sqlite ?
[TASK]        9e2a7b61-0453-494a-a3b9-cf67aabad5c1
  [status] <none> -> running
  [status] running -> succeeded
[RESULT]
  [final] status=succeeded
  [text] accounts audit_log

============================================================
[CASE]        36
[SOURCE_LINE] 43
[NAME]        colloquial_mixed_ultra_tail
[CHAT]        17746607337
[PROMPT]      quick看下 /home/guagua/test/logs/app.log 最后 6 行
[TASK]        1f6859dc-84a5-4feb-83fd-55a105406d46
  [status] <none> -> running
  [status] running -> succeeded
[RESULT]
  [final] status=succeeded
  [text] [2026-03-26 23:00:01] INFO startup complete [2026-03-26 23:04:12] INFO loaded 3 fixture documents [2026-03-26 23:06:33] WARN cache miss on demo key [2026-03-26 23:07:10] ERROR sample downstream timeout recovered [2026-03...(truncated)

================ Final Summary ================
TOTAL_CASES=36 SUCCEEDED=36 FAILED=0 CANCELED=0 TIMEOUT=0

Artifacts:
  - /home/guagua/git_upload/scripts/nl_suite_logs/dynamic_guard_manual/20260328_091840
  - /home/guagua/git_upload/scripts/nl_suite_logs/dynamic_guard_manual/20260328_091840/run.log
  - /home/guagua/git_upload/scripts/nl_suite_logs/dynamic_guard_manual/20260328_091840/summary.jsonl
