NL multi-turn suite: clarify
  run_dir:    /home/guagua/git_upload/scripts/nl_suite_logs/dynamic_guard_clarify_regression/20260328_113744
  run_log:    /home/guagua/git_upload/scripts/nl_suite_logs/dynamic_guard_clarify_regression/20260328_113744/run.log
  case_file:  /home/guagua/git_upload/scripts/nl_tests/cases/nl_case_regression_clarify_readme_20260328.txt
  turn_count: 2
  base_url:   http://127.0.0.1:8787
  user_id:    1985996990
  chat_id:    17746669921

============================================================
[CASE]   1
[NAME]   clarify_deictic_readme_again
[CHAT]   17746669922
[TURN1]  读一下那个 README 开头并用一句话总结
[TASK1]  be57861a-46fc-431a-af19-0e011036141b
  [status] <none> -> running
  [status] running -> succeeded
[TEXT1]  请提供您想读取的 README 文件的完整路径。
[TURN2]  /home/guagua/test/README.md
[TASK2]  b38e91cd-e5b1-4f30-a92c-675536154403
  [status] <none> -> running
  [status] running -> succeeded
[TEXT2]  This directory is reserved for NL regression test artifacts and wrapper scripts.

Artifacts:
  - /home/guagua/git_upload/scripts/nl_suite_logs/dynamic_guard_clarify_regression/20260328_113744
  - /home/guagua/git_upload/scripts/nl_suite_logs/dynamic_guard_clarify_regression/20260328_113744/run.log
  - /home/guagua/git_upload/scripts/nl_suite_logs/dynamic_guard_clarify_regression/20260328_113744/summary.jsonl
