Natural-language manual regression
  case_file:     /home/guagua/git_upload/scripts/nl_tests/cases/nl_cases_dynamic_guard_focus_readme_20260328.txt
  run_dir:       /home/guagua/git_upload/scripts/nl_suite_logs/dynamic_guard_focus_readme/20260328_033750
  run_log:       /home/guagua/git_upload/scripts/nl_suite_logs/dynamic_guard_focus_readme/20260328_033750/run.log
  summary_jsonl: /home/guagua/git_upload/scripts/nl_suite_logs/dynamic_guard_focus_readme/20260328_033750/summary.jsonl
  base_url:      http://127.0.0.1:8787
  user_id:       1985996990
  chat_id:       17746452001
  user_key:      <set>
  wait:          240s
  poll:          1s
  retry_logic:   disabled (log only)


============================================================
[CASE]        1
[SOURCE_LINE] 4
[NAME]        explicit_path_two_part_cn
[CHAT]        17746452002
[PROMPT]      先读 /home/guagua/test/README.md 开头，再用一句话总结
[TASK]        ffd9d346-587c-48fc-ab5e-1d7440428d75
  [status] <none> -> running
  [status] running -> succeeded
[RESULT]
  [final] status=succeeded
  [text] 该 README.

============================================================
[CASE]        2
[SOURCE_LINE] 6
[NAME]        colloquial_en_ultra_read
[CHAT]        17746452003
[PROMPT]      take a quick look at /home/guagua/test/README.md top lines, one-liner only
[TASK]        70f1cc2f-6933-4292-a657-1abf69ca1ab1
  [status] <none> -> running
  [status] running -> succeeded
[RESULT]
  [final] status=succeeded
  [text] # Test Workspace

============================================================
[CASE]        3
[SOURCE_LINE] 8
[NAME]        colloquial_cn_ultra_peek_readme
[CHAT]        17746452004
[PROMPT]      瞅下 /home/guagua/test/README.md 开头，给我一句人话总结
[TASK]        1200c64c-0fd0-4ff1-ba05-78122a9e4a08
  [status] <none> -> running
  [status] running -> succeeded
[RESULT]
  [final] status=succeeded
  [text] README.

============================================================
[CASE]        4
[SOURCE_LINE] 10
[NAME]        english_explicit_readme_summary
[CHAT]        17746452005
[PROMPT]      Read the beginning of /home/guagua/test/README.md and summarize it in one sentence.
[TASK]        0d81e12a-b735-4503-8ba6-7a3b6696d7e2
  [status] <none> -> running
  [status] running -> succeeded
[RESULT]
  [final] status=succeeded
  [text] The file `/home/guagua/test/README.

================ Final Summary ================
TOTAL_CASES=4 SUCCEEDED=4 FAILED=0 CANCELED=0 TIMEOUT=0

Artifacts:
  - /home/guagua/git_upload/scripts/nl_suite_logs/dynamic_guard_focus_readme/20260328_033750
  - /home/guagua/git_upload/scripts/nl_suite_logs/dynamic_guard_focus_readme/20260328_033750/run.log
  - /home/guagua/git_upload/scripts/nl_suite_logs/dynamic_guard_focus_readme/20260328_033750/summary.jsonl
