Natural-language manual regression
  case_file:     /home/guagua/git_upload/scripts/nl_tests/cases/nl_cases_dynamic_guard_focus_readme_20260328.txt
  run_dir:       /home/guagua/git_upload/scripts/nl_suite_logs/dynamic_guard_focus_readme/20260328_050737
  run_log:       /home/guagua/git_upload/scripts/nl_suite_logs/dynamic_guard_focus_readme/20260328_050737/run.log
  summary_jsonl: /home/guagua/git_upload/scripts/nl_suite_logs/dynamic_guard_focus_readme/20260328_050737/summary.jsonl
  base_url:      http://127.0.0.1:8787
  user_id:       1985996990
  chat_id:       17746630001
  user_key:      <set>
  wait:          240s
  poll:          1s
  retry_logic:   disabled (log only)


============================================================
[CASE]        1
[SOURCE_LINE] 4
[NAME]        explicit_path_two_part_cn
[CHAT]        17746630002
[PROMPT]      先读 /home/guagua/test/README.md 开头，再用一句话总结
[TASK]        f4c5fff4-deba-4288-a3a1-93ccc4957736
  [status] <none> -> running
  [status] running -> succeeded
[RESULT]
  [final] status=succeeded
  [text] This directory is reserved for NL regression test artifacts and wrapper scripts.

============================================================
[CASE]        2
[SOURCE_LINE] 6
[NAME]        colloquial_en_ultra_read
[CHAT]        17746630003
[PROMPT]      take a quick look at /home/guagua/test/README.md top lines, one-liner only
[TASK]        aa361410-aa73-42c1-9107-580e61a738e4
  [status] <none> -> running
  [status] running -> succeeded
[RESULT]
  [final] status=succeeded
  [text] subtask#1 skill(run_cmd): success

============================================================
[CASE]        3
[SOURCE_LINE] 8
[NAME]        colloquial_cn_ultra_peek_readme
[CHAT]        17746630004
[PROMPT]      瞅下 /home/guagua/test/README.md 开头，给我一句人话总结
[TASK]        302f4c3e-04c1-43ad-ac54-0c14839f63b9
  [status] <none> -> running
  [status] running -> succeeded
[RESULT]
  [final] status=succeeded
  [text] 这是一个用于NL回归测试工件和包装脚本的测试工作区目录，笔记说明运行器输入和日志可存于此，但改变此目录不会改变被测clawd运行时的内部工作目录。

============================================================
[CASE]        4
[SOURCE_LINE] 10
[NAME]        english_explicit_readme_summary
[CHAT]        17746630005
[PROMPT]      Read the beginning of /home/guagua/test/README.md and summarize it in one sentence.
[TASK]        c50654ac-c873-4144-a50d-289687862c18
  [status] <none> -> running
  [status] running -> succeeded
[RESULT]
  [final] status=succeeded
  [text] # Test Workspace

================ Final Summary ================
TOTAL_CASES=4 SUCCEEDED=4 FAILED=0 CANCELED=0 TIMEOUT=0

Artifacts:
  - /home/guagua/git_upload/scripts/nl_suite_logs/dynamic_guard_focus_readme/20260328_050737
  - /home/guagua/git_upload/scripts/nl_suite_logs/dynamic_guard_focus_readme/20260328_050737/run.log
  - /home/guagua/git_upload/scripts/nl_suite_logs/dynamic_guard_focus_readme/20260328_050737/summary.jsonl
