+ echo 'NL suite: clarify'
NL suite: clarify
+ echo '  run_dir:   scripts/nl_suite_logs/dynamic_guard_clarify/20260327_021350'
  run_dir:   scripts/nl_suite_logs/dynamic_guard_clarify/20260327_021350
+ echo '  run_log:   scripts/nl_suite_logs/dynamic_guard_clarify/20260327_021350/run.log'
  run_log:   scripts/nl_suite_logs/dynamic_guard_clarify/20260327_021350/run.log
+ echo '  case_file: scripts/nl_cases_dynamic_guard_clarify_20260327.txt'
  case_file: scripts/nl_cases_dynamic_guard_clarify_20260327.txt
+ echo '  base_url:  http://127.0.0.1:8787'
  base_url:  http://127.0.0.1:8787
+ echo '  user_id:   1985996990'
  user_id:   1985996990
+ echo '  chat_id:   1985996990'
  chat_id:   1985996990
+ echo

+ health_check
+ auth_args=()
+ local -a auth_args
+ mapfile -t auth_args
++ curl_auth_args
++ local key
+++ normalized_user_key
+++ printf %s rk-a0832faf44d14ba1b174226120291aa7
+++ xargs
++ key=rk-a0832faf44d14ba1b174226120291aa7
++ [[ -n rk-a0832faf44d14ba1b174226120291aa7 ]]
++ printf '%s\n' -H 'X-RustClaw-Key: rk-a0832faf44d14ba1b174226120291aa7'
+ curl -sS -H 'X-RustClaw-Key: rk-a0832faf44d14ba1b174226120291aa7' http://127.0.0.1:8787/v1/health
curl: (7) Failed to connect to 127.0.0.1 port 8787 after 0 ms: Could not connect to server
