Natural-language manual regression
  case_file:     scripts/nl_tests/cases/nl_cases_dynamic_guard_manual_20260327.txt
  run_dir:       scripts/nl_suite_logs/dynamic_guard_manual/20260327_095554
  run_log:       scripts/nl_suite_logs/dynamic_guard_manual/20260327_095554/run.log
  summary_jsonl: scripts/nl_suite_logs/dynamic_guard_manual/20260327_095554/summary.jsonl
  base_url:      http://127.0.0.1:8787
  user_id:       1985996990
  chat_id:       2990030000
  user_key:      <set>
  wait:          240s
  poll:          1s
  retry_logic:   disabled (log only)


============================================================
[CASE]        1
[SOURCE_LINE] 4
[NAME]        explicit_path_readme_summary
[CHAT]        2990030001
[PROMPT]      读一下 /home/guagua/test/README.md 开头并用一句话总结
[TASK]        9bd9e820-b22d-4cc8-a73a-a89c6d4919d6
  [status] <none> -> queued
  [status] queued -> running
  [status] running -> succeeded
[RESULT]
  [final] status=succeeded
  [text] 无法读取该文件的内容。

============================================================
[CASE]        2
[SOURCE_LINE] 5
[NAME]        explicit_path_readme_send
[CHAT]        2990030002
[PROMPT]      把 /home/guagua/test/README.md 发给我
[TASK]        99bd4960-99fa-47bb-be70-98a0c1db043c
  [status] <none> -> running
  [status] running -> succeeded
[RESULT]
  [final] status=succeeded
  [text] 文件 /home/guagua/test/README.md 未找到。

============================================================
[CASE]        3
[SOURCE_LINE] 6
[NAME]        explicit_config_send
[CHAT]        2990030003
[PROMPT]      把 /home/guagua/test/configs/app_config.toml 发给我
[TASK]        7d8df657-93fe-489a-ac9f-656a24528a96
  [status] <none> -> running
  [status] running -> succeeded
[RESULT]
  [final] status=succeeded
  [text] 文件 `/home/guagua/test/configs/app_config.toml` 未找到。

============================================================
[CASE]        4
[SOURCE_LINE] 7
[NAME]        explicit_log_tail
[CHAT]        2990030004
[PROMPT]      看下 /home/guagua/test/logs/app.log 最近 10 行
[TASK]        c931bdf6-0c07-4553-a755-34ae99174fca
  [status] <none> -> queued
  [status] queued -> running
  [status] running -> succeeded
[RESULT]
  [final] status=succeeded
  [text] [2026-03-26 23:00:01] INFO startup complete [2026-03-26 23:04:12] INFO loaded 3 fixture documents [2026-03-26 23:06:33] WARN cache miss on demo key [2026-03-26 23:07:10] ERROR sample downstream timeout recovered [2026-03...(truncated)

============================================================
[CASE]        5
[SOURCE_LINE] 8
[NAME]        explicit_db_tables
[CHAT]        2990030005
[PROMPT]      查一下 /home/guagua/test/data/test_contract.sqlite 里有哪些表
[TASK]        52bfa70d-ad6c-4fd1-8b1e-24b90e31a7d8
  [status] <none> -> running
  [status] running -> succeeded
[RESULT]
  [final] status=succeeded
  [text] 该数据库包含以下表： - accounts - audit_log

============================================================
[CASE]        6
[SOURCE_LINE] 9
[NAME]        explicit_archive_unpack
[CHAT]        2990030006
[PROMPT]      把 /home/guagua/test/tmp/test_bundle.zip 解压到 /home/guagua/test/tmp/manual_dynamic_guard_unpack 然后告诉我结果
[TASK]        13767940-887f-4e37-80af-14e79e3dd22d
  [status] <none> -> running
  [status] running -> succeeded
[RESULT]
  [final] status=succeeded
  [text] 解压成功。已提取 2 个文件到 `/home/guagua/test/tmp/manual_dynamic_guard_unpack/`： - file_one.txt - file_two.txt

============================================================
[CASE]        7
[SOURCE_LINE] 10
[NAME]        current_dir_count_scalar
[CHAT]        2990030007
[PROMPT]      数一下当前目录有多少个直接子项，只输出数字
[TASK]        191b2599-2b51-4a5d-98e5-00bb15d73e80
  [status] <none> -> running
  [status] running -> succeeded
[RESULT]
  [final] status=succeeded
  [text] 73

============================================================
[CASE]        8
[SOURCE_LINE] 11
[NAME]        explicit_path_two_part
[CHAT]        2990030008
[PROMPT]      先读 /home/guagua/test/README.md 开头，再用一句话总结
[TASK]        1b11979b-4e75-4e29-94b5-45d25bcbfb3d
  [status] <none> -> queued
  [status] queued -> running
  [status] running -> succeeded
[RESULT]
  [final] status=succeeded
  [text] This is a test project README documenting a simple script for downloading files from GitHub releases.

============================================================
[CASE]        9
[SOURCE_LINE] 12
[NAME]        english_explicit_readme_summary
[CHAT]        2990030009
[PROMPT]      Read the beginning of /home/guagua/test/README.md and summarize it in one sentence.
[TASK]        5581737c-e4d3-4ff4-981b-09435508a409
  [status] <none> -> running
  [status] running -> succeeded
[RESULT]
  [final] status=succeeded
  [text] This directory is for storing natural language regression test artifacts and scripts, but modifying this directory alone won't change the actual workspace path of the `clawd` runtime.

============================================================
[CASE]        10
[SOURCE_LINE] 13
[NAME]        english_explicit_send
[CHAT]        2990030010
[PROMPT]      Send me /home/guagua/test/README.md
[TASK]        e9f80258-43f9-4ce7-948d-3003d0a75a76
  [status] <none> -> running
  [status] running -> succeeded
[RESULT]
  [final] status=succeeded
  [text] FILE:/home/guagua/test/README.md

============================================================
[CASE]        11
[SOURCE_LINE] 14
[NAME]        explicit_service_notes_send
[CHAT]        2990030011
[PROMPT]      把 /home/guagua/test/docs/service_notes.md 发给我
[TASK]        7d24973c-04c6-4c0c-9c7c-26f28348d6f0
  [status] <none> -> running
  [status] running -> succeeded
[RESULT]
  [final] status=succeeded
  [text] # Service Notes This fixture document describes a pretend local service used only for testing. It should never restart real RustClaw services or touch system state.

============================================================
[CASE]        12
[SOURCE_LINE] 15
[NAME]        explicit_docs_list_names_only
[CHAT]        2990030012
[PROMPT]      列出 /home/guagua/test/docs 下的直接子项，只列名字
[TASK]        1f2d4a74-eede-4b8b-b0fb-8405a39525a7
  [status] <none> -> running
  [status] running -> succeeded
[RESULT]
  [final] status=succeeded
  [text] guide.txt notes.txt service_notes.md

============================================================
[CASE]        13
[SOURCE_LINE] 16
[NAME]        explicit_docs_count_scalar
[CHAT]        2990030013
[PROMPT]      统计 /home/guagua/test/docs 下直接子项数量，只输出数字
[TASK]        de0808f3-2780-4321-a5af-5e1b0ea13b59
  [status] <none> -> running
  [status] running -> succeeded
[RESULT]
  [final] status=succeeded
  [text] 3

============================================================
[CASE]        14
[SOURCE_LINE] 17
[NAME]        explicit_missing_file_graceful
[CHAT]        2990030014
[PROMPT]      把 /home/guagua/test/docs/not_exists_case_003.md 发给我，不要编造
[TASK]        bfab6395-bea2-484c-aa22-a97204eb3232
  [status] <none> -> running
  [status] running -> succeeded
[RESULT]
  [final] status=succeeded
  [text] 文件未找到

============================================================
[CASE]        15
[SOURCE_LINE] 18
[NAME]        explicit_log_tail_focus_cn
[CHAT]        2990030015
[PROMPT]      看下 /home/guagua/test/logs/app.log 最近 15 行，然后一句话指出最可疑点
[TASK]        466c0b11-797a-4085-9827-2c059c4fecc4
  [status] <none> -> running
  [status] running -> succeeded
[RESULT]
  [final] status=succeeded
  [text] ## 日志最后15行内容 ``` [2026-03-26 23:00:01] INFO startup complete [2026-03-26 23:04:12] INFO loaded 3 fixture documents [2026-03-26 23:06:33] WARN cache miss on demo key [2026-03-26 23:07:10] ERROR sample downstream timeout r...(truncated)

============================================================
[CASE]        16
[SOURCE_LINE] 19
[NAME]        explicit_db_schema_version_cn
[CHAT]        2990030016
[PROMPT]      查一下 /home/guagua/test/data/test_contract.sqlite 的 schema version，只输出值
[TASK]        9787d72c-8529-428b-9330-3bdee69af5f7
  [status] <none> -> running
  [status] running -> failed
[RESULT]
  [final] status=failed
  [error] step 1 failed (skill(db_basic)): prepare query failed: no such table: schema_version. Remaining steps are interrupted. 你可以回复“继续”来执行剩余步骤。
  [text] step 1 failed (skill(db_basic)): prepare query failed: no such table: schema_version. Remaining steps are interrupted. 你可以回复“继续”来执行剩余步骤。

============================================================
[CASE]        17
[SOURCE_LINE] 20
[NAME]        explicit_archive_unpack_alt
[CHAT]        2990030017
[PROMPT]      把 /home/guagua/test/tmp/test_bundle.zip 解压到 /home/guagua/test/tmp/manual_dynamic_guard_unpack_alt 并告诉我结果
[TASK]        91b24139-7936-4ade-b773-f9eab07ad13c
  [status] <none> -> running
  [status] running -> succeeded
[RESULT]
  [final] status=succeeded
  [text] 提取成功。已将 test_bundle.zip 解压至 /home/guagua/test/tmp/manual_dynamic_guard_unpack_alt，包含以下 2 个文件： - file_one.txt - file_two.txt

============================================================
[CASE]        18
[SOURCE_LINE] 21
[NAME]        english_explicit_log_tail
[CHAT]        2990030018
[PROMPT]      Show the last 12 lines of /home/guagua/test/logs/app.log.
[TASK]        9c7f69bb-904e-4b57-8a94-dbd53c0ff2e0
  [status] <none> -> running
  [status] running -> succeeded
[RESULT]
  [final] status=succeeded
  [text] The last 12 lines of `/home/guagua/test/logs/app.log` (only 5 lines exist in the file): ``` [2026-03-26 23:00:01] INFO startup complete [2026-03-26 23:04:12] INFO loaded 3 fixture documents [2026-03-26 23:06:33] WARN cac...(truncated)

============================================================
[CASE]        19
[SOURCE_LINE] 22
[NAME]        english_explicit_db_tables
[CHAT]        2990030019
[PROMPT]      List tables from /home/guagua/test/data/test_contract.sqlite.
[TASK]        8c45ae39-8907-426b-989c-cc6affe18518
  [status] <none> -> running
  [status] running -> succeeded
[RESULT]
  [final] status=succeeded
  [text] Tables in /home/guagua/test/data/test_contract.sqlite: - accounts - audit_log

============================================================
[CASE]        20
[SOURCE_LINE] 23
[NAME]        mixed_lang_explicit_file_summary
[CHAT]        2990030020
[PROMPT]      read /home/guagua/test/README.md 开头，然后用中文一句话总结
[TASK]        9f0535aa-73f6-42b3-bb75-8c3bf868f22b
  [status] <none> -> queued
  [status] queued -> running
  [status] running -> succeeded
[RESULT]
  [final] status=succeeded
  [text] 一句话总结：# Test Workspace This directory is reserved for NL regression test artifacts and wrapper scripts. Notes: - The runner inputs and logs can live here. - The tested `clawd` runtime still uses its own configured worksp...(truncated)

================ Final Summary ================
TOTAL_CASES=20 SUCCEEDED=19 FAILED=1 CANCELED=0 TIMEOUT=0

Artifacts:
  - scripts/nl_suite_logs/dynamic_guard_manual/20260327_095554
  - scripts/nl_suite_logs/dynamic_guard_manual/20260327_095554/run.log
  - scripts/nl_suite_logs/dynamic_guard_manual/20260327_095554/summary.jsonl
