Natural-language manual regression
  case_file:     /tmp/rustclaw-workspace/scripts/nl_tests/cases/nl_cases_manual.txt
  run_dir:       /tmp/rustclaw-workspace/scripts/nl_suite_logs/manual/20260404_012231
  run_log:       /tmp/rustclaw-workspace/scripts/nl_suite_logs/manual/20260404_012231/run.log
  summary_jsonl: /tmp/rustclaw-workspace/scripts/nl_suite_logs/manual/20260404_012231/summary.jsonl
  base_url:      http://127.0.0.1:8787
  user_id:       1985996990
  chat_id:       1985996990
  user_key:      <set>
  wait:          240s
  poll:          1s
  retry_logic:   disabled (log only)


============================================================
[CASE]        1
[SOURCE_LINE] 6
[NAME]        chat_weather_joke
[CHAT]        1985996991
[PROMPT]      今天天气先别查，给我讲一个简短冷笑话
[TASK]        bd557a2a-1cde-4fca-9433-8693aa5bb6af
  [status] <none> -> running
  [status] running -> succeeded
[RESULT]
  [final] status=succeeded
  [text] 为什么程序员总是把 1 和 0 搞混？ 因为他们有 `true` 和 `false` 两种选择，却还是选了 `undefined`。

============================================================
[CASE]        2
[SOURCE_LINE] 7
[NAME]        act_pwd_only
[CHAT]        1985996992
[PROMPT]      只输出当前工作目录的绝对路径，不要解释
[TASK]        868f5c41-d1a5-407a-aefd-f580b395841d
  [status] <none> -> running
  [status] running -> succeeded
[RESULT]
  [final] status=succeeded
  [text] /tmp/rustclaw-workspace

============================================================
[CASE]        3
[SOURCE_LINE] 8
[NAME]        act_list_top_dirs
[CHAT]        1985996993
[PROMPT]      把当前仓库顶层目录和文件列出来，简单分组就行
[TASK]        34984b0b-9a17-47cb-8172-0e4d1f07f25c
  [status] <none> -> running
  [status] running -> succeeded
[RESULT]
  [final] status=succeeded
  [text] ## 当前仓库顶层目录和文件（简单分组） ### 📁 目录 .cargo/, .git/, .pids/, .vscode/, UI/, configs/, crates/, data/, docker/, docs/, document/, external_skills/, image/, logs/, migrations/, node_modules/, patches/, pi_app/, plan/, plans/, pro...(truncated)

============================================================
[CASE]        4
[SOURCE_LINE] 9
[NAME]        act_hidden_files
[CHAT]        1985996994
[PROMPT]      看一下当前目录有没有隐藏文件，只回答有或没有，并补 3 个例子
[TASK]        2a898173-7f1c-4626-9983-7babe0eb70d4
  [status] <none> -> queued
  [status] queued -> running
