Natural-language manual regression
  case_file:     /home/guagua/git_upload/scripts/nl_tests/cases/nl_cases_dynamic_guard_manual_20260327.txt
  run_dir:       /home/guagua/git_upload/scripts/nl_suite_logs/dynamic_guard_manual/20260327_143235
  run_log:       /home/guagua/git_upload/scripts/nl_suite_logs/dynamic_guard_manual/20260327_143235/run.log
  summary_jsonl: /home/guagua/git_upload/scripts/nl_suite_logs/dynamic_guard_manual/20260327_143235/summary.jsonl
  base_url:      http://127.0.0.1:8787
  user_id:       1985996990
  chat_id:       1985996990
  user_key:      <set>
  wait:          240s
  poll:          1s
  retry_logic:   disabled (log only)


============================================================
[CASE]        1
[SOURCE_LINE] 6
[NAME]        explicit_path_readme_summary
[CHAT]        1985996991
[PROMPT]      读一下 /home/guagua/test/README.md 开头并用一句话总结（如果文件可读，不要回答未找到）
[ASSERT_EXPECT] reserved for NL regression test artifacts
[ASSERT_REJECT] 未找到|无法读取|can't read
[TASK]        e9d112cf-af0c-4115-946c-cc9910d37207
  [status] <none> -> queued
  [status] queued -> running
  [status] running -> succeeded
[RESULT]
  [final] status=succeeded
  [text] README 文件内容未在当前执行上下文中找到或不可见。
  [assert] FAIL expect_regex not matched: reserved for NL regression test artifacts

============================================================
[CASE]        2
[SOURCE_LINE] 7
[NAME]        explicit_path_readme_send
[CHAT]        1985996992
[PROMPT]      把 /home/guagua/test/README.md 发给我（请按文件发送，不要贴全文）
[ASSERT_EXPECT] FILE:/home/guagua/test/README.md
[ASSERT_REJECT] 未找到|无法读取|can't read
[TASK]        c8855310-a027-4b84-9dc8-11f06e68282b
  [status] <none> -> running
